<?xml version="1.0" encoding="UTF-8"?>
<!-- Generated by org.testng.reporters.JUnitXMLReporter -->
<testsuite hostname="DESKTOP-47QOTDC" name="Test1(failed)" tests="1" failures="1" timestamp="15 Jan 2018 06:32:04 GMT" time="27.292" errors="0">
  <testcase name="gettingData" time="27.266" classname="tests.TestngCRM">
    <failure type="org.sikuli.script.FindFailed" message="can not find P(crm.png) S: 0.7 in S(0)[0,0 1366x768]">
      <![CDATA[FindFailed: can not find P(crm.png) S: 0.7 in S(0)[0,0 1366x768]
  Line 2189, in file Region.java

	at org.sikuli.script.Region.handleFindFailedShowDialog(Region.java:2189)
	at org.sikuli.script.Region.handleFindFailed(Region.java:2134)
	at org.sikuli.script.Region.wait(Region.java:2546)
	at org.sikuli.script.Region.find(Region.java:2205)
	at org.sikuli.script.Region.getLocationFromTarget(Region.java:3067)
	at org.sikuli.script.Region.click(Region.java:3534)
	at org.sikuli.script.Region.click(Region.java:3519)
	at tests.TestngCRM.gettingData(TestngCRM.java:39)
... Removed 24 stack frames]]>
    </failure>
  </testcase> <!-- gettingData -->
</testsuite> <!-- Test1(failed) -->
