<?xml version="1.0" encoding="UTF-8" ?>
<testsuite tests="1" failures="1" name="tests.FreeCRMRunner" time="54.06" errors="0" skipped="0">
  <properties>
[...]
</properties>
  <testcase classname="tests.FreeCRMRunner" name="gettingData" time="54.06">
    <failure message="timeout
  (Session info: chrome=64.0.3282.186)
  (Driver info: chromedriver=2.33.506120 (e3e53437346286c0bc2d2dc9aa4915ba81d9023f),platform=Windows NT 10.0.16299 x86_64) (WARNING: The server did not provide any stacktrace information)
Command duration or timeout: 0 milliseconds
Build info: version: &apos;3.7.1&apos;, revision: &apos;8a0099a&apos;, time: &apos;2017-11-06T21:01:39.354Z&apos;
System info: host: &apos;DESKTOP-47QOTDC&apos;, ip: &apos;192.168.1.63&apos;, os.name: &apos;Windows 10&apos;, os.arch: &apos;amd64&apos;, os.version: &apos;10.0&apos;, java.version: &apos;1.8.0_141&apos;
Driver info: org.openqa.selenium.chrome.ChromeDriver
Capabilities {acceptSslCerts: true, applicationCacheEnabled: false, browserConnectionEnabled: false, browserName: chrome, chrome: {chromedriverVersion: 2.33.506120 (e3e53437346286..., userDataDir: C:\Users\hp\AppData\Local\T...}, cssSelectorsEnabled: true, databaseEnabled: false, handlesAlerts: true, hasTouchScreen: false, javascriptEnabled: true, locationContextEnabled: true, mobileEmulationEnabled: false, nativeEvents: true, networkConnectionEnabled: false, pageLoadStrategy: normal, platform: XP, platformName: XP, rotatable: false, setWindowRect: true, takesHeapSnapshot: true, takesScreenshot: true, unexpectedAlertBehaviour: , unhandledPromptBehavior: , version: 64.0.3282.186, webStorageEnabled: true}
Session ID: 4f5ed61f4c47bfcaf8fa797a85bdd9ee" type="org.openqa.selenium.TimeoutException">org.openqa.selenium.TimeoutException: timeout
  (Session info: chrome=64.0.3282.186)
  (Driver info: chromedriver=2.33.506120 (e3e53437346286c0bc2d2dc9aa4915ba81d9023f),platform=Windows NT 10.0.16299 x86_64) (WARNING: The server did not provide any stacktrace information)
Command duration or timeout: 0 milliseconds
Build info: version: &apos;3.7.1&apos;, revision: &apos;8a0099a&apos;, time: &apos;2017-11-06T21:01:39.354Z&apos;
System info: host: &apos;DESKTOP-47QOTDC&apos;, ip: &apos;192.168.1.63&apos;, os.name: &apos;Windows 10&apos;, os.arch: &apos;amd64&apos;, os.version: &apos;10.0&apos;, java.version: &apos;1.8.0_141&apos;
Driver info: org.openqa.selenium.chrome.ChromeDriver
Capabilities {acceptSslCerts: true, applicationCacheEnabled: false, browserConnectionEnabled: false, browserName: chrome, chrome: {chromedriverVersion: 2.33.506120 (e3e53437346286..., userDataDir: C:\Users\hp\AppData\Local\T...}, cssSelectorsEnabled: true, databaseEnabled: false, handlesAlerts: true, hasTouchScreen: false, javascriptEnabled: true, locationContextEnabled: true, mobileEmulationEnabled: false, nativeEvents: true, networkConnectionEnabled: false, pageLoadStrategy: normal, platform: XP, platformName: XP, rotatable: false, setWindowRect: true, takesHeapSnapshot: true, takesScreenshot: true, unexpectedAlertBehaviour: , unhandledPromptBehavior: , version: 64.0.3282.186, webStorageEnabled: true}
Session ID: 4f5ed61f4c47bfcaf8fa797a85bdd9ee
	at sun.reflect.NativeConstructorAccessorImpl.newInstance0(Native Method)
	at sun.reflect.NativeConstructorAccessorImpl.newInstance(NativeConstructorAccessorImpl.java:62)
	at sun.reflect.DelegatingConstructorAccessorImpl.newInstance(DelegatingConstructorAccessorImpl.java:45)
	at java.lang.reflect.Constructor.newInstance(Constructor.java:423)
	at org.openqa.selenium.remote.ErrorHandler.createThrowable(ErrorHandler.java:214)
	at org.openqa.selenium.remote.ErrorHandler.throwIfResponseFailed(ErrorHandler.java:166)
	at org.openqa.selenium.remote.http.JsonHttpResponseCodec.reconstructValue(JsonHttpResponseCodec.java:40)
	at org.openqa.selenium.remote.http.AbstractHttpResponseCodec.decode(AbstractHttpResponseCodec.java:80)
	at org.openqa.selenium.remote.http.AbstractHttpResponseCodec.decode(AbstractHttpResponseCodec.java:44)
	at org.openqa.selenium.remote.HttpCommandExecutor.execute(HttpCommandExecutor.java:164)
	at org.openqa.selenium.remote.service.DriverCommandExecutor.execute(DriverCommandExecutor.java:83)
	at org.openqa.selenium.remote.RemoteWebDriver.execute(RemoteWebDriver.java:600)
	at org.openqa.selenium.remote.RemoteWebElement.execute(RemoteWebElement.java:279)
	at org.openqa.selenium.remote.RemoteWebElement.click(RemoteWebElement.java:83)
	at sun.reflect.NativeMethodAccessorImpl.invoke0(Native Method)
	at sun.reflect.NativeMethodAccessorImpl.invoke(NativeMethodAccessorImpl.java:62)
	at sun.reflect.DelegatingMethodAccessorImpl.invoke(DelegatingMethodAccessorImpl.java:43)
	at java.lang.reflect.Method.invoke(Method.java:498)
	at org.openqa.selenium.support.pagefactory.internal.LocatingElementHandler.invoke(LocatingElementHandler.java:51)
	at com.sun.proxy.$Proxy5.click(Unknown Source)
	at pages.FreeCRM.login(FreeCRM.java:29)
	at tests.FreeCRMRunner.gettingData(FreeCRMRunner.java:57)
</failure>
    <system-out>Configuring TestNG with: org.apache.maven.surefire.testng.conf.TestNG652Configurator@5aaa6d82
03-79-2018 15:39:52RequestAddCookies.java DEBUG[Forwarding newSession on session null to remote]protocol.RequestAddCookies123-CookieSpec selected: default
03-79-2018 15:39:52RequestAuthCache.java DEBUG[Forwarding newSession on session null to remote]protocol.RequestAuthCache77-Auth cache not set in the context
03-79-2018 15:39:52PoolingHttpClientConnectionManager.java DEBUG[Forwarding newSession on session null to remote]conn.PoolingHttpClientConnectionManager255-Connection request: [route: {}-&gt;http://localhost:19712][total kept alive: 0; route allocated: 0 of 2000; total allocated: 0 of 2000]
03-79-2018 15:39:52PoolingHttpClientConnectionManager.java DEBUG[Forwarding newSession on session null to remote]conn.PoolingHttpClientConnectionManager288-Connection leased: [id: 0][route: {}-&gt;http://localhost:19712][total kept alive: 0; route allocated: 1 of 2000; total allocated: 1 of 2000]
03-79-2018 15:39:52MainClientExec.java DEBUG[Forwarding newSession on session null to remote]execchain.MainClientExec235-Opening connection {}-&gt;http://localhost:19712
03-79-2018 15:39:52DefaultHttpClientConnectionOperator.java DEBUG[Forwarding newSession on session null to remote]conn.DefaultHttpClientConnectionOperator139-Connecting to localhost/127.0.0.1:19712
03-79-2018 15:39:52DefaultHttpClientConnectionOperator.java DEBUG[Forwarding newSession on session null to remote]conn.DefaultHttpClientConnectionOperator146-Connection established 127.0.0.1:58017&lt;-&gt;127.0.0.1:19712
03-79-2018 15:39:52LoggingManagedHttpClientConnection.java DEBUG[Forwarding newSession on session null to remote]conn.DefaultManagedHttpClientConnection88-http-outgoing-0: set socket timeout to 10800000
03-79-2018 15:39:52MainClientExec.java DEBUG[Forwarding newSession on session null to remote]execchain.MainClientExec256-Executing request POST /session HTTP/1.1
03-79-2018 15:39:52MainClientExec.java DEBUG[Forwarding newSession on session null to remote]execchain.MainClientExec261-Target auth state: UNCHALLENGED
03-79-2018 15:39:52MainClientExec.java DEBUG[Forwarding newSession on session null to remote]execchain.MainClientExec267-Proxy auth state: UNCHALLENGED
03-79-2018 15:39:52LoggingManagedHttpClientConnection.java DEBUG[Forwarding newSession on session null to remote]http.headers133-http-outgoing-0 &gt;&gt; POST /session HTTP/1.1
03-79-2018 15:39:52LoggingManagedHttpClientConnection.java DEBUG[Forwarding newSession on session null to remote]http.headers136-http-outgoing-0 &gt;&gt; Content-Type: application/json; charset=utf-8
03-79-2018 15:39:52LoggingManagedHttpClientConnection.java DEBUG[Forwarding newSession on session null to remote]http.headers136-http-outgoing-0 &gt;&gt; Content-Length: 335
03-79-2018 15:39:52LoggingManagedHttpClientConnection.java DEBUG[Forwarding newSession on session null to remote]http.headers136-http-outgoing-0 &gt;&gt; Host: localhost:19712
03-79-2018 15:39:52LoggingManagedHttpClientConnection.java DEBUG[Forwarding newSession on session null to remote]http.headers136-http-outgoing-0 &gt;&gt; Connection: Keep-Alive
03-79-2018 15:39:52LoggingManagedHttpClientConnection.java DEBUG[Forwarding newSession on session null to remote]http.headers136-http-outgoing-0 &gt;&gt; User-Agent: Apache-HttpClient/4.5.3 (Java/1.8.0_141)
03-79-2018 15:39:52LoggingManagedHttpClientConnection.java DEBUG[Forwarding newSession on session null to remote]http.headers136-http-outgoing-0 &gt;&gt; Accept-Encoding: gzip,deflate
03-79-2018 15:39:52Wire.java DEBUG[Forwarding newSession on session null to remote]http.wire73-http-outgoing-0 &gt;&gt; &quot;POST /session HTTP/1.1[\r][\n]&quot;
03-79-2018 15:39:52Wire.java DEBUG[Forwarding newSession on session null to remote]http.wire73-http-outgoing-0 &gt;&gt; &quot;Content-Type: application/json; charset=utf-8[\r][\n]&quot;
03-79-2018 15:39:52Wire.java DEBUG[Forwarding newSession on session null to remote]http.wire73-http-outgoing-0 &gt;&gt; &quot;Content-Length: 335[\r][\n]&quot;
03-79-2018 15:39:52Wire.java DEBUG[Forwarding newSession on session null to remote]http.wire73-http-outgoing-0 &gt;&gt; &quot;Host: localhost:19712[\r][\n]&quot;
03-79-2018 15:39:52Wire.java DEBUG[Forwarding newSession on session null to remote]http.wire73-http-outgoing-0 &gt;&gt; &quot;Connection: Keep-Alive[\r][\n]&quot;
03-79-2018 15:39:52Wire.java DEBUG[Forwarding newSession on session null to remote]http.wire73-http-outgoing-0 &gt;&gt; &quot;User-Agent: Apache-HttpClient/4.5.3 (Java/1.8.0_141)[\r][\n]&quot;
03-79-2018 15:39:52Wire.java DEBUG[Forwarding newSession on session null to remote]http.wire73-http-outgoing-0 &gt;&gt; &quot;Accept-Encoding: gzip,deflate[\r][\n]&quot;
03-79-2018 15:39:52Wire.java DEBUG[Forwarding newSession on session null to remote]http.wire73-http-outgoing-0 &gt;&gt; &quot;[\r][\n]&quot;
03-79-2018 15:39:52Wire.java DEBUG[Forwarding newSession on session null to remote]http.wire73-http-outgoing-0 &gt;&gt; &quot;{[\n]&quot;
03-79-2018 15:39:52Wire.java DEBUG[Forwarding newSession on session null to remote]http.wire73-http-outgoing-0 &gt;&gt; &quot;  &quot;desiredCapabilities&quot;: {&quot;browserName&quot;:&quot;chrome&quot;,&quot;goog:chromeOptions&quot;:{&quot;args&quot;:[],&quot;extensions&quot;:[]}},[\n]&quot;
03-79-2018 15:39:52Wire.java DEBUG[Forwarding newSession on session null to remote]http.wire73-http-outgoing-0 &gt;&gt; &quot;  &quot;capabilities&quot;: {[\n]&quot;
03-79-2018 15:39:52Wire.java DEBUG[Forwarding newSession on session null to remote]http.wire73-http-outgoing-0 &gt;&gt; &quot;    &quot;desiredCapabilities&quot;: {&quot;browserName&quot;:&quot;chrome&quot;,&quot;goog:chromeOptions&quot;:{&quot;args&quot;:[],&quot;extensions&quot;:[]}},[\n]&quot;
03-79-2018 15:39:52Wire.java DEBUG[Forwarding newSession on session null to remote]http.wire73-http-outgoing-0 &gt;&gt; &quot;    &quot;firstMatch&quot;: [[\n]&quot;
03-79-2018 15:39:52Wire.java DEBUG[Forwarding newSession on session null to remote]http.wire73-http-outgoing-0 &gt;&gt; &quot;      {&quot;browserName&quot;:&quot;chrome&quot;,&quot;goog:chromeOptions&quot;:{&quot;args&quot;:[],&quot;extensions&quot;:[]}}[\n]&quot;
03-79-2018 15:39:52Wire.java DEBUG[Forwarding newSession on session null to remote]http.wire73-http-outgoing-0 &gt;&gt; &quot;    ][\n]&quot;
03-79-2018 15:39:52Wire.java DEBUG[Forwarding newSession on session null to remote]http.wire73-http-outgoing-0 &gt;&gt; &quot;  }[\n]&quot;
03-79-2018 15:39:52Wire.java DEBUG[Forwarding newSession on session null to remote]http.wire87-http-outgoing-0 &gt;&gt; &quot;}&quot;
03-79-2018 15:39:56Wire.java DEBUG[Forwarding newSession on session null to remote]http.wire73-http-outgoing-0 &lt;&lt; &quot;HTTP/1.1 200 OK[\r][\n]&quot;
03-79-2018 15:39:56Wire.java DEBUG[Forwarding newSession on session null to remote]http.wire73-http-outgoing-0 &lt;&lt; &quot;Content-Length:796[\r][\n]&quot;
03-79-2018 15:39:56Wire.java DEBUG[Forwarding newSession on session null to remote]http.wire73-http-outgoing-0 &lt;&lt; &quot;Content-Type:application/json; charset=utf-8[\r][\n]&quot;
03-79-2018 15:39:56Wire.java DEBUG[Forwarding newSession on session null to remote]http.wire73-http-outgoing-0 &lt;&lt; &quot;Connection:close[\r][\n]&quot;
03-79-2018 15:39:56Wire.java DEBUG[Forwarding newSession on session null to remote]http.wire73-http-outgoing-0 &lt;&lt; &quot;[\r][\n]&quot;
03-79-2018 15:39:56Wire.java DEBUG[Forwarding newSession on session null to remote]http.wire87-http-outgoing-0 &lt;&lt; &quot;{&quot;sessionId&quot;:&quot;4f5ed61f4c47bfcaf8fa797a85bdd9ee&quot;,&quot;status&quot;:0,&quot;value&quot;:{&quot;acceptSslCerts&quot;:true,&quot;applicationCacheEnabled&quot;:false,&quot;browserConnectionEnabled&quot;:false,&quot;browserName&quot;:&quot;chrome&quot;,&quot;chrome&quot;:{&quot;chromedriverVersion&quot;:&quot;2.33.506120 (e3e53437346286c0bc2d2dc9aa4915ba81d9023f)&quot;,&quot;userDataDir&quot;:&quot;C:\\Users\\hp\\AppData\\Local\\Temp\\scoped_dir6008_3062&quot;},&quot;cssSelectorsEnabled&quot;:true,&quot;databaseEnabled&quot;:false,&quot;handlesAlerts&quot;:true,&quot;hasTouchScreen&quot;:false,&quot;javascriptEnabled&quot;:true,&quot;locationContextEnabled&quot;:true,&quot;mobileEmulationEnabled&quot;:false,&quot;nativeEvents&quot;:true,&quot;networkConnectionEnabled&quot;:false,&quot;pageLoadStrategy&quot;:&quot;normal&quot;,&quot;platform&quot;:&quot;Windows NT&quot;,&quot;rotatable&quot;:false,&quot;setWindowRect&quot;:true,&quot;takesHeapSnapshot&quot;:true,&quot;takesScreenshot&quot;:true,&quot;unexpectedAlertBehaviour&quot;:&quot;&quot;,&quot;version&quot;:&quot;64.0.3282.186&quot;,&quot;webStorageEnabled&quot;:true}}&quot;
03-79-2018 15:39:56LoggingManagedHttpClientConnection.java DEBUG[Forwarding newSession on session null to remote]http.headers122-http-outgoing-0 &lt;&lt; HTTP/1.1 200 OK
03-79-2018 15:39:56LoggingManagedHttpClientConnection.java DEBUG[Forwarding newSession on session null to remote]http.headers125-http-outgoing-0 &lt;&lt; Content-Length:796
03-79-2018 15:39:56LoggingManagedHttpClientConnection.java DEBUG[Forwarding newSession on session null to remote]http.headers125-http-outgoing-0 &lt;&lt; Content-Type:application/json; charset=utf-8
03-79-2018 15:39:56LoggingManagedHttpClientConnection.java DEBUG[Forwarding newSession on session null to remote]http.headers125-http-outgoing-0 &lt;&lt; Connection:close
03-79-2018 15:39:56LoggingManagedHttpClientConnection.java DEBUG[Forwarding newSession on session null to remote]conn.DefaultManagedHttpClientConnection79-http-outgoing-0: Close connection
03-79-2018 15:39:56ConnectionHolder.java DEBUG[Forwarding newSession on session null to remote]execchain.MainClientExec104-Connection discarded
03-79-2018 15:39:56PoolingHttpClientConnectionManager.java DEBUG[Forwarding newSession on session null to remote]conn.PoolingHttpClientConnectionManager326-Connection released: [id: 0][route: {}-&gt;http://localhost:19712][total kept alive: 0; route allocated: 0 of 2000; total allocated: 0 of 2000]
03-79-2018 15:39:56RequestAddCookies.java DEBUG[Forwarding get on session 4f5ed61f4c47bfcaf8fa797a85bdd9ee to remote]protocol.RequestAddCookies123-CookieSpec selected: default
03-79-2018 15:39:56RequestAuthCache.java DEBUG[Forwarding get on session 4f5ed61f4c47bfcaf8fa797a85bdd9ee to remote]protocol.RequestAuthCache77-Auth cache not set in the context
03-79-2018 15:39:56PoolingHttpClientConnectionManager.java DEBUG[Forwarding get on session 4f5ed61f4c47bfcaf8fa797a85bdd9ee to remote]conn.PoolingHttpClientConnectionManager255-Connection request: [route: {}-&gt;http://localhost:19712][total kept alive: 0; route allocated: 0 of 2000; total allocated: 0 of 2000]
03-79-2018 15:39:56PoolingHttpClientConnectionManager.java DEBUG[Forwarding get on session 4f5ed61f4c47bfcaf8fa797a85bdd9ee to remote]conn.PoolingHttpClientConnectionManager288-Connection leased: [id: 1][route: {}-&gt;http://localhost:19712][total kept alive: 0; route allocated: 1 of 2000; total allocated: 1 of 2000]
03-79-2018 15:39:56MainClientExec.java DEBUG[Forwarding get on session 4f5ed61f4c47bfcaf8fa797a85bdd9ee to remote]execchain.MainClientExec235-Opening connection {}-&gt;http://localhost:19712
03-79-2018 15:39:56DefaultHttpClientConnectionOperator.java DEBUG[Forwarding get on session 4f5ed61f4c47bfcaf8fa797a85bdd9ee to remote]conn.DefaultHttpClientConnectionOperator139-Connecting to localhost/127.0.0.1:19712
03-79-2018 15:39:56DefaultHttpClientConnectionOperator.java DEBUG[Forwarding get on session 4f5ed61f4c47bfcaf8fa797a85bdd9ee to remote]conn.DefaultHttpClientConnectionOperator146-Connection established 127.0.0.1:58026&lt;-&gt;127.0.0.1:19712
03-79-2018 15:39:56LoggingManagedHttpClientConnection.java DEBUG[Forwarding get on session 4f5ed61f4c47bfcaf8fa797a85bdd9ee to remote]conn.DefaultManagedHttpClientConnection88-http-outgoing-1: set socket timeout to 10800000
03-79-2018 15:39:56MainClientExec.java DEBUG[Forwarding get on session 4f5ed61f4c47bfcaf8fa797a85bdd9ee to remote]execchain.MainClientExec256-Executing request POST /session/4f5ed61f4c47bfcaf8fa797a85bdd9ee/url HTTP/1.1
03-79-2018 15:39:56MainClientExec.java DEBUG[Forwarding get on session 4f5ed61f4c47bfcaf8fa797a85bdd9ee to remote]execchain.MainClientExec261-Target auth state: UNCHALLENGED
03-79-2018 15:39:56MainClientExec.java DEBUG[Forwarding get on session 4f5ed61f4c47bfcaf8fa797a85bdd9ee to remote]execchain.MainClientExec267-Proxy auth state: UNCHALLENGED
03-79-2018 15:39:56LoggingManagedHttpClientConnection.java DEBUG[Forwarding get on session 4f5ed61f4c47bfcaf8fa797a85bdd9ee to remote]http.headers133-http-outgoing-1 &gt;&gt; POST /session/4f5ed61f4c47bfcaf8fa797a85bdd9ee/url HTTP/1.1
03-79-2018 15:39:56LoggingManagedHttpClientConnection.java DEBUG[Forwarding get on session 4f5ed61f4c47bfcaf8fa797a85bdd9ee to remote]http.headers136-http-outgoing-1 &gt;&gt; Content-Type: application/json; charset=utf-8
03-79-2018 15:39:56LoggingManagedHttpClientConnection.java DEBUG[Forwarding get on session 4f5ed61f4c47bfcaf8fa797a85bdd9ee to remote]http.headers136-http-outgoing-1 &gt;&gt; Content-Length: 32
03-79-2018 15:39:56LoggingManagedHttpClientConnection.java DEBUG[Forwarding get on session 4f5ed61f4c47bfcaf8fa797a85bdd9ee to remote]http.headers136-http-outgoing-1 &gt;&gt; Host: localhost:19712
03-79-2018 15:39:56LoggingManagedHttpClientConnection.java DEBUG[Forwarding get on session 4f5ed61f4c47bfcaf8fa797a85bdd9ee to remote]http.headers136-http-outgoing-1 &gt;&gt; Connection: Keep-Alive
03-79-2018 15:39:56LoggingManagedHttpClientConnection.java DEBUG[Forwarding get on session 4f5ed61f4c47bfcaf8fa797a85bdd9ee to remote]http.headers136-http-outgoing-1 &gt;&gt; User-Agent: Apache-HttpClient/4.5.3 (Java/1.8.0_141)
03-79-2018 15:39:56LoggingManagedHttpClientConnection.java DEBUG[Forwarding get on session 4f5ed61f4c47bfcaf8fa797a85bdd9ee to remote]http.headers136-http-outgoing-1 &gt;&gt; Accept-Encoding: gzip,deflate
03-79-2018 15:39:56Wire.java DEBUG[Forwarding get on session 4f5ed61f4c47bfcaf8fa797a85bdd9ee to remote]http.wire73-http-outgoing-1 &gt;&gt; &quot;POST /session/4f5ed61f4c47bfcaf8fa797a85bdd9ee/url HTTP/1.1[\r][\n]&quot;
03-79-2018 15:39:56Wire.java DEBUG[Forwarding get on session 4f5ed61f4c47bfcaf8fa797a85bdd9ee to remote]http.wire73-http-outgoing-1 &gt;&gt; &quot;Content-Type: application/json; charset=utf-8[\r][\n]&quot;
03-79-2018 15:39:56Wire.java DEBUG[Forwarding get on session 4f5ed61f4c47bfcaf8fa797a85bdd9ee to remote]http.wire73-http-outgoing-1 &gt;&gt; &quot;Content-Length: 32[\r][\n]&quot;
03-79-2018 15:39:56Wire.java DEBUG[Forwarding get on session 4f5ed61f4c47bfcaf8fa797a85bdd9ee to remote]http.wire73-http-outgoing-1 &gt;&gt; &quot;Host: localhost:19712[\r][\n]&quot;
03-79-2018 15:39:56Wire.java DEBUG[Forwarding get on session 4f5ed61f4c47bfcaf8fa797a85bdd9ee to remote]http.wire73-http-outgoing-1 &gt;&gt; &quot;Connection: Keep-Alive[\r][\n]&quot;
03-79-2018 15:39:56Wire.java DEBUG[Forwarding get on session 4f5ed61f4c47bfcaf8fa797a85bdd9ee to remote]http.wire73-http-outgoing-1 &gt;&gt; &quot;User-Agent: Apache-HttpClient/4.5.3 (Java/1.8.0_141)[\r][\n]&quot;
03-79-2018 15:39:56Wire.java DEBUG[Forwarding get on session 4f5ed61f4c47bfcaf8fa797a85bdd9ee to remote]http.wire73-http-outgoing-1 &gt;&gt; &quot;Accept-Encoding: gzip,deflate[\r][\n]&quot;
03-79-2018 15:39:56Wire.java DEBUG[Forwarding get on session 4f5ed61f4c47bfcaf8fa797a85bdd9ee to remote]http.wire73-http-outgoing-1 &gt;&gt; &quot;[\r][\n]&quot;
03-79-2018 15:39:56Wire.java DEBUG[Forwarding get on session 4f5ed61f4c47bfcaf8fa797a85bdd9ee to remote]http.wire87-http-outgoing-1 &gt;&gt; &quot;{&quot;url&quot;:&quot;http://www.freecrm.com&quot;}&quot;
03-79-2018 15:40:10Wire.java DEBUG[Forwarding get on session 4f5ed61f4c47bfcaf8fa797a85bdd9ee to remote]http.wire73-http-outgoing-1 &lt;&lt; &quot;HTTP/1.1 200 OK[\r][\n]&quot;
03-79-2018 15:40:10Wire.java DEBUG[Forwarding get on session 4f5ed61f4c47bfcaf8fa797a85bdd9ee to remote]http.wire73-http-outgoing-1 &lt;&lt; &quot;Content-Length:72[\r][\n]&quot;
03-79-2018 15:40:10Wire.java DEBUG[Forwarding get on session 4f5ed61f4c47bfcaf8fa797a85bdd9ee to remote]http.wire73-http-outgoing-1 &lt;&lt; &quot;Content-Type:application/json; charset=utf-8[\r][\n]&quot;
03-79-2018 15:40:10Wire.java DEBUG[Forwarding get on session 4f5ed61f4c47bfcaf8fa797a85bdd9ee to remote]http.wire73-http-outgoing-1 &lt;&lt; &quot;Connection:close[\r][\n]&quot;
03-79-2018 15:40:10Wire.java DEBUG[Forwarding get on session 4f5ed61f4c47bfcaf8fa797a85bdd9ee to remote]http.wire73-http-outgoing-1 &lt;&lt; &quot;[\r][\n]&quot;
03-79-2018 15:40:10Wire.java DEBUG[Forwarding get on session 4f5ed61f4c47bfcaf8fa797a85bdd9ee to remote]http.wire87-http-outgoing-1 &lt;&lt; &quot;{&quot;sessionId&quot;:&quot;4f5ed61f4c47bfcaf8fa797a85bdd9ee&quot;,&quot;status&quot;:0,&quot;value&quot;:null}&quot;
03-79-2018 15:40:10LoggingManagedHttpClientConnection.java DEBUG[Forwarding get on session 4f5ed61f4c47bfcaf8fa797a85bdd9ee to remote]http.headers122-http-outgoing-1 &lt;&lt; HTTP/1.1 200 OK
03-79-2018 15:40:10LoggingManagedHttpClientConnection.java DEBUG[Forwarding get on session 4f5ed61f4c47bfcaf8fa797a85bdd9ee to remote]http.headers125-http-outgoing-1 &lt;&lt; Content-Length:72
03-79-2018 15:40:10LoggingManagedHttpClientConnection.java DEBUG[Forwarding get on session 4f5ed61f4c47bfcaf8fa797a85bdd9ee to remote]http.headers125-http-outgoing-1 &lt;&lt; Content-Type:application/json; charset=utf-8
03-79-2018 15:40:10LoggingManagedHttpClientConnection.java DEBUG[Forwarding get on session 4f5ed61f4c47bfcaf8fa797a85bdd9ee to remote]http.headers125-http-outgoing-1 &lt;&lt; Connection:close
03-79-2018 15:40:10LoggingManagedHttpClientConnection.java DEBUG[Forwarding get on session 4f5ed61f4c47bfcaf8fa797a85bdd9ee to remote]conn.DefaultManagedHttpClientConnection79-http-outgoing-1: Close connection
03-79-2018 15:40:10ConnectionHolder.java DEBUG[Forwarding get on session 4f5ed61f4c47bfcaf8fa797a85bdd9ee to remote]execchain.MainClientExec104-Connection discarded
03-79-2018 15:40:10PoolingHttpClientConnectionManager.java DEBUG[Forwarding get on session 4f5ed61f4c47bfcaf8fa797a85bdd9ee to remote]conn.PoolingHttpClientConnectionManager326-Connection released: [id: 1][route: {}-&gt;http://localhost:19712][total kept alive: 0; route allocated: 0 of 2000; total allocated: 0 of 2000]
03-79-2018 15:40:10FreeCRMRunner.java  INFO[main]tests.FreeCRMRunner48-browser launched
03-79-2018 15:40:10RequestAddCookies.java DEBUG[Forwarding setTimeout on session 4f5ed61f4c47bfcaf8fa797a85bdd9ee to remote]protocol.RequestAddCookies123-CookieSpec selected: default
03-79-2018 15:40:10RequestAuthCache.java DEBUG[Forwarding setTimeout on session 4f5ed61f4c47bfcaf8fa797a85bdd9ee to remote]protocol.RequestAuthCache77-Auth cache not set in the context
03-79-2018 15:40:10PoolingHttpClientConnectionManager.java DEBUG[Forwarding setTimeout on session 4f5ed61f4c47bfcaf8fa797a85bdd9ee to remote]conn.PoolingHttpClientConnectionManager255-Connection request: [route: {}-&gt;http://localhost:19712][total kept alive: 0; route allocated: 0 of 2000; total allocated: 0 of 2000]
03-79-2018 15:40:10PoolingHttpClientConnectionManager.java DEBUG[Forwarding setTimeout on session 4f5ed61f4c47bfcaf8fa797a85bdd9ee to remote]conn.PoolingHttpClientConnectionManager288-Connection leased: [id: 2][route: {}-&gt;http://localhost:19712][total kept alive: 0; route allocated: 1 of 2000; total allocated: 1 of 2000]
03-79-2018 15:40:10MainClientExec.java DEBUG[Forwarding setTimeout on session 4f5ed61f4c47bfcaf8fa797a85bdd9ee to remote]execchain.MainClientExec235-Opening connection {}-&gt;http://localhost:19712
03-79-2018 15:40:10DefaultHttpClientConnectionOperator.java DEBUG[Forwarding setTimeout on session 4f5ed61f4c47bfcaf8fa797a85bdd9ee to remote]conn.DefaultHttpClientConnectionOperator139-Connecting to localhost/127.0.0.1:19712
03-79-2018 15:40:10DefaultHttpClientConnectionOperator.java DEBUG[Forwarding setTimeout on session 4f5ed61f4c47bfcaf8fa797a85bdd9ee to remote]conn.DefaultHttpClientConnectionOperator146-Connection established 127.0.0.1:58051&lt;-&gt;127.0.0.1:19712
03-79-2018 15:40:10LoggingManagedHttpClientConnection.java DEBUG[Forwarding setTimeout on session 4f5ed61f4c47bfcaf8fa797a85bdd9ee to remote]conn.DefaultManagedHttpClientConnection88-http-outgoing-2: set socket timeout to 10800000
03-79-2018 15:40:10MainClientExec.java DEBUG[Forwarding setTimeout on session 4f5ed61f4c47bfcaf8fa797a85bdd9ee to remote]execchain.MainClientExec256-Executing request POST /session/4f5ed61f4c47bfcaf8fa797a85bdd9ee/timeouts HTTP/1.1
03-79-2018 15:40:10MainClientExec.java DEBUG[Forwarding setTimeout on session 4f5ed61f4c47bfcaf8fa797a85bdd9ee to remote]execchain.MainClientExec261-Target auth state: UNCHALLENGED
03-79-2018 15:40:10MainClientExec.java DEBUG[Forwarding setTimeout on session 4f5ed61f4c47bfcaf8fa797a85bdd9ee to remote]execchain.MainClientExec267-Proxy auth state: UNCHALLENGED
03-79-2018 15:40:10LoggingManagedHttpClientConnection.java DEBUG[Forwarding setTimeout on session 4f5ed61f4c47bfcaf8fa797a85bdd9ee to remote]http.headers133-http-outgoing-2 &gt;&gt; POST /session/4f5ed61f4c47bfcaf8fa797a85bdd9ee/timeouts HTTP/1.1
03-79-2018 15:40:10LoggingManagedHttpClientConnection.java DEBUG[Forwarding setTimeout on session 4f5ed61f4c47bfcaf8fa797a85bdd9ee to remote]http.headers136-http-outgoing-2 &gt;&gt; Content-Type: application/json; charset=utf-8
03-79-2018 15:40:10LoggingManagedHttpClientConnection.java DEBUG[Forwarding setTimeout on session 4f5ed61f4c47bfcaf8fa797a85bdd9ee to remote]http.headers136-http-outgoing-2 &gt;&gt; Content-Length: 31
03-79-2018 15:40:10LoggingManagedHttpClientConnection.java DEBUG[Forwarding setTimeout on session 4f5ed61f4c47bfcaf8fa797a85bdd9ee to remote]http.headers136-http-outgoing-2 &gt;&gt; Host: localhost:19712
03-79-2018 15:40:10LoggingManagedHttpClientConnection.java DEBUG[Forwarding setTimeout on session 4f5ed61f4c47bfcaf8fa797a85bdd9ee to remote]http.headers136-http-outgoing-2 &gt;&gt; Connection: Keep-Alive
03-79-2018 15:40:10LoggingManagedHttpClientConnection.java DEBUG[Forwarding setTimeout on session 4f5ed61f4c47bfcaf8fa797a85bdd9ee to remote]http.headers136-http-outgoing-2 &gt;&gt; User-Agent: Apache-HttpClient/4.5.3 (Java/1.8.0_141)
03-79-2018 15:40:10LoggingManagedHttpClientConnection.java DEBUG[Forwarding setTimeout on session 4f5ed61f4c47bfcaf8fa797a85bdd9ee to remote]http.headers136-http-outgoing-2 &gt;&gt; Accept-Encoding: gzip,deflate
03-79-2018 15:40:10Wire.java DEBUG[Forwarding setTimeout on session 4f5ed61f4c47bfcaf8fa797a85bdd9ee to remote]http.wire73-http-outgoing-2 &gt;&gt; &quot;POST /session/4f5ed61f4c47bfcaf8fa797a85bdd9ee/timeouts HTTP/1.1[\r][\n]&quot;
03-79-2018 15:40:10Wire.java DEBUG[Forwarding setTimeout on session 4f5ed61f4c47bfcaf8fa797a85bdd9ee to remote]http.wire73-http-outgoing-2 &gt;&gt; &quot;Content-Type: application/json; charset=utf-8[\r][\n]&quot;
03-79-2018 15:40:10Wire.java DEBUG[Forwarding setTimeout on session 4f5ed61f4c47bfcaf8fa797a85bdd9ee to remote]http.wire73-http-outgoing-2 &gt;&gt; &quot;Content-Length: 31[\r][\n]&quot;
03-79-2018 15:40:10Wire.java DEBUG[Forwarding setTimeout on session 4f5ed61f4c47bfcaf8fa797a85bdd9ee to remote]http.wire73-http-outgoing-2 &gt;&gt; &quot;Host: localhost:19712[\r][\n]&quot;
03-79-2018 15:40:10Wire.java DEBUG[Forwarding setTimeout on session 4f5ed61f4c47bfcaf8fa797a85bdd9ee to remote]http.wire73-http-outgoing-2 &gt;&gt; &quot;Connection: Keep-Alive[\r][\n]&quot;
03-79-2018 15:40:10Wire.java DEBUG[Forwarding setTimeout on session 4f5ed61f4c47bfcaf8fa797a85bdd9ee to remote]http.wire73-http-outgoing-2 &gt;&gt; &quot;User-Agent: Apache-HttpClient/4.5.3 (Java/1.8.0_141)[\r][\n]&quot;
03-79-2018 15:40:10Wire.java DEBUG[Forwarding setTimeout on session 4f5ed61f4c47bfcaf8fa797a85bdd9ee to remote]http.wire73-http-outgoing-2 &gt;&gt; &quot;Accept-Encoding: gzip,deflate[\r][\n]&quot;
03-79-2018 15:40:10Wire.java DEBUG[Forwarding setTimeout on session 4f5ed61f4c47bfcaf8fa797a85bdd9ee to remote]http.wire73-http-outgoing-2 &gt;&gt; &quot;[\r][\n]&quot;
03-79-2018 15:40:10Wire.java DEBUG[Forwarding setTimeout on session 4f5ed61f4c47bfcaf8fa797a85bdd9ee to remote]http.wire87-http-outgoing-2 &gt;&gt; &quot;{&quot;type&quot;:&quot;page load&quot;,&quot;ms&quot;:30000}&quot;
03-79-2018 15:40:10Wire.java DEBUG[Forwarding setTimeout on session 4f5ed61f4c47bfcaf8fa797a85bdd9ee to remote]http.wire73-http-outgoing-2 &lt;&lt; &quot;HTTP/1.1 200 OK[\r][\n]&quot;
03-79-2018 15:40:10Wire.java DEBUG[Forwarding setTimeout on session 4f5ed61f4c47bfcaf8fa797a85bdd9ee to remote]http.wire73-http-outgoing-2 &lt;&lt; &quot;Content-Length:72[\r][\n]&quot;
03-79-2018 15:40:10Wire.java DEBUG[Forwarding setTimeout on session 4f5ed61f4c47bfcaf8fa797a85bdd9ee to remote]http.wire73-http-outgoing-2 &lt;&lt; &quot;Content-Type:application/json; charset=utf-8[\r][\n]&quot;
03-79-2018 15:40:10Wire.java DEBUG[Forwarding setTimeout on session 4f5ed61f4c47bfcaf8fa797a85bdd9ee to remote]http.wire73-http-outgoing-2 &lt;&lt; &quot;Connection:close[\r][\n]&quot;
03-79-2018 15:40:10Wire.java DEBUG[Forwarding setTimeout on session 4f5ed61f4c47bfcaf8fa797a85bdd9ee to remote]http.wire73-http-outgoing-2 &lt;&lt; &quot;[\r][\n]&quot;
03-79-2018 15:40:10Wire.java DEBUG[Forwarding setTimeout on session 4f5ed61f4c47bfcaf8fa797a85bdd9ee to remote]http.wire87-http-outgoing-2 &lt;&lt; &quot;{&quot;sessionId&quot;:&quot;4f5ed61f4c47bfcaf8fa797a85bdd9ee&quot;,&quot;status&quot;:0,&quot;value&quot;:null}&quot;
03-79-2018 15:40:10LoggingManagedHttpClientConnection.java DEBUG[Forwarding setTimeout on session 4f5ed61f4c47bfcaf8fa797a85bdd9ee to remote]http.headers122-http-outgoing-2 &lt;&lt; HTTP/1.1 200 OK
03-79-2018 15:40:10LoggingManagedHttpClientConnection.java DEBUG[Forwarding setTimeout on session 4f5ed61f4c47bfcaf8fa797a85bdd9ee to remote]http.headers125-http-outgoing-2 &lt;&lt; Content-Length:72
03-79-2018 15:40:10LoggingManagedHttpClientConnection.java DEBUG[Forwarding setTimeout on session 4f5ed61f4c47bfcaf8fa797a85bdd9ee to remote]http.headers125-http-outgoing-2 &lt;&lt; Content-Type:application/json; charset=utf-8
03-79-2018 15:40:10LoggingManagedHttpClientConnection.java DEBUG[Forwarding setTimeout on session 4f5ed61f4c47bfcaf8fa797a85bdd9ee to remote]http.headers125-http-outgoing-2 &lt;&lt; Connection:close
03-79-2018 15:40:10LoggingManagedHttpClientConnection.java DEBUG[Forwarding setTimeout on session 4f5ed61f4c47bfcaf8fa797a85bdd9ee to remote]conn.DefaultManagedHttpClientConnection79-http-outgoing-2: Close connection
03-79-2018 15:40:10ConnectionHolder.java DEBUG[Forwarding setTimeout on session 4f5ed61f4c47bfcaf8fa797a85bdd9ee to remote]execchain.MainClientExec104-Connection discarded
03-79-2018 15:40:10PoolingHttpClientConnectionManager.java DEBUG[Forwarding setTimeout on session 4f5ed61f4c47bfcaf8fa797a85bdd9ee to remote]conn.PoolingHttpClientConnectionManager326-Connection released: [id: 2][route: {}-&gt;http://localhost:19712][total kept alive: 0; route allocated: 0 of 2000; total allocated: 0 of 2000]
03-79-2018 15:40:10RequestAddCookies.java DEBUG[Forwarding setTimeout on session 4f5ed61f4c47bfcaf8fa797a85bdd9ee to remote]protocol.RequestAddCookies123-CookieSpec selected: default
03-79-2018 15:40:10RequestAuthCache.java DEBUG[Forwarding setTimeout on session 4f5ed61f4c47bfcaf8fa797a85bdd9ee to remote]protocol.RequestAuthCache77-Auth cache not set in the context
03-79-2018 15:40:10PoolingHttpClientConnectionManager.java DEBUG[Forwarding setTimeout on session 4f5ed61f4c47bfcaf8fa797a85bdd9ee to remote]conn.PoolingHttpClientConnectionManager255-Connection request: [route: {}-&gt;http://localhost:19712][total kept alive: 0; route allocated: 0 of 2000; total allocated: 0 of 2000]
03-79-2018 15:40:10PoolingHttpClientConnectionManager.java DEBUG[Forwarding setTimeout on session 4f5ed61f4c47bfcaf8fa797a85bdd9ee to remote]conn.PoolingHttpClientConnectionManager288-Connection leased: [id: 3][route: {}-&gt;http://localhost:19712][total kept alive: 0; route allocated: 1 of 2000; total allocated: 1 of 2000]
03-79-2018 15:40:10MainClientExec.java DEBUG[Forwarding setTimeout on session 4f5ed61f4c47bfcaf8fa797a85bdd9ee to remote]execchain.MainClientExec235-Opening connection {}-&gt;http://localhost:19712
03-79-2018 15:40:10DefaultHttpClientConnectionOperator.java DEBUG[Forwarding setTimeout on session 4f5ed61f4c47bfcaf8fa797a85bdd9ee to remote]conn.DefaultHttpClientConnectionOperator139-Connecting to localhost/127.0.0.1:19712
03-79-2018 15:40:10DefaultHttpClientConnectionOperator.java DEBUG[Forwarding setTimeout on session 4f5ed61f4c47bfcaf8fa797a85bdd9ee to remote]conn.DefaultHttpClientConnectionOperator146-Connection established 127.0.0.1:58053&lt;-&gt;127.0.0.1:19712
03-79-2018 15:40:10LoggingManagedHttpClientConnection.java DEBUG[Forwarding setTimeout on session 4f5ed61f4c47bfcaf8fa797a85bdd9ee to remote]conn.DefaultManagedHttpClientConnection88-http-outgoing-3: set socket timeout to 10800000
03-79-2018 15:40:10MainClientExec.java DEBUG[Forwarding setTimeout on session 4f5ed61f4c47bfcaf8fa797a85bdd9ee to remote]execchain.MainClientExec256-Executing request POST /session/4f5ed61f4c47bfcaf8fa797a85bdd9ee/timeouts HTTP/1.1
03-79-2018 15:40:10MainClientExec.java DEBUG[Forwarding setTimeout on session 4f5ed61f4c47bfcaf8fa797a85bdd9ee to remote]execchain.MainClientExec261-Target auth state: UNCHALLENGED
03-79-2018 15:40:10MainClientExec.java DEBUG[Forwarding setTimeout on session 4f5ed61f4c47bfcaf8fa797a85bdd9ee to remote]execchain.MainClientExec267-Proxy auth state: UNCHALLENGED
03-79-2018 15:40:10LoggingManagedHttpClientConnection.java DEBUG[Forwarding setTimeout on session 4f5ed61f4c47bfcaf8fa797a85bdd9ee to remote]http.headers133-http-outgoing-3 &gt;&gt; POST /session/4f5ed61f4c47bfcaf8fa797a85bdd9ee/timeouts HTTP/1.1
03-79-2018 15:40:10LoggingManagedHttpClientConnection.java DEBUG[Forwarding setTimeout on session 4f5ed61f4c47bfcaf8fa797a85bdd9ee to remote]http.headers136-http-outgoing-3 &gt;&gt; Content-Type: application/json; charset=utf-8
03-79-2018 15:40:10LoggingManagedHttpClientConnection.java DEBUG[Forwarding setTimeout on session 4f5ed61f4c47bfcaf8fa797a85bdd9ee to remote]http.headers136-http-outgoing-3 &gt;&gt; Content-Length: 30
03-79-2018 15:40:10LoggingManagedHttpClientConnection.java DEBUG[Forwarding setTimeout on session 4f5ed61f4c47bfcaf8fa797a85bdd9ee to remote]http.headers136-http-outgoing-3 &gt;&gt; Host: localhost:19712
03-79-2018 15:40:10LoggingManagedHttpClientConnection.java DEBUG[Forwarding setTimeout on session 4f5ed61f4c47bfcaf8fa797a85bdd9ee to remote]http.headers136-http-outgoing-3 &gt;&gt; Connection: Keep-Alive
03-79-2018 15:40:10LoggingManagedHttpClientConnection.java DEBUG[Forwarding setTimeout on session 4f5ed61f4c47bfcaf8fa797a85bdd9ee to remote]http.headers136-http-outgoing-3 &gt;&gt; User-Agent: Apache-HttpClient/4.5.3 (Java/1.8.0_141)
03-79-2018 15:40:10LoggingManagedHttpClientConnection.java DEBUG[Forwarding setTimeout on session 4f5ed61f4c47bfcaf8fa797a85bdd9ee to remote]http.headers136-http-outgoing-3 &gt;&gt; Accept-Encoding: gzip,deflate
03-79-2018 15:40:10Wire.java DEBUG[Forwarding setTimeout on session 4f5ed61f4c47bfcaf8fa797a85bdd9ee to remote]http.wire73-http-outgoing-3 &gt;&gt; &quot;POST /session/4f5ed61f4c47bfcaf8fa797a85bdd9ee/timeouts HTTP/1.1[\r][\n]&quot;
03-79-2018 15:40:10Wire.java DEBUG[Forwarding setTimeout on session 4f5ed61f4c47bfcaf8fa797a85bdd9ee to remote]http.wire73-http-outgoing-3 &gt;&gt; &quot;Content-Type: application/json; charset=utf-8[\r][\n]&quot;
03-79-2018 15:40:10Wire.java DEBUG[Forwarding setTimeout on session 4f5ed61f4c47bfcaf8fa797a85bdd9ee to remote]http.wire73-http-outgoing-3 &gt;&gt; &quot;Content-Length: 30[\r][\n]&quot;
03-79-2018 15:40:10Wire.java DEBUG[Forwarding setTimeout on session 4f5ed61f4c47bfcaf8fa797a85bdd9ee to remote]http.wire73-http-outgoing-3 &gt;&gt; &quot;Host: localhost:19712[\r][\n]&quot;
03-79-2018 15:40:10Wire.java DEBUG[Forwarding setTimeout on session 4f5ed61f4c47bfcaf8fa797a85bdd9ee to remote]http.wire73-http-outgoing-3 &gt;&gt; &quot;Connection: Keep-Alive[\r][\n]&quot;
03-79-2018 15:40:10Wire.java DEBUG[Forwarding setTimeout on session 4f5ed61f4c47bfcaf8fa797a85bdd9ee to remote]http.wire73-http-outgoing-3 &gt;&gt; &quot;User-Agent: Apache-HttpClient/4.5.3 (Java/1.8.0_141)[\r][\n]&quot;
03-79-2018 15:40:10Wire.java DEBUG[Forwarding setTimeout on session 4f5ed61f4c47bfcaf8fa797a85bdd9ee to remote]http.wire73-http-outgoing-3 &gt;&gt; &quot;Accept-Encoding: gzip,deflate[\r][\n]&quot;
03-79-2018 15:40:10Wire.java DEBUG[Forwarding setTimeout on session 4f5ed61f4c47bfcaf8fa797a85bdd9ee to remote]http.wire73-http-outgoing-3 &gt;&gt; &quot;[\r][\n]&quot;
03-79-2018 15:40:10Wire.java DEBUG[Forwarding setTimeout on session 4f5ed61f4c47bfcaf8fa797a85bdd9ee to remote]http.wire87-http-outgoing-3 &gt;&gt; &quot;{&quot;type&quot;:&quot;implicit&quot;,&quot;ms&quot;:30000}&quot;
03-79-2018 15:40:10Wire.java DEBUG[Forwarding setTimeout on session 4f5ed61f4c47bfcaf8fa797a85bdd9ee to remote]http.wire73-http-outgoing-3 &lt;&lt; &quot;HTTP/1.1 200 OK[\r][\n]&quot;
03-79-2018 15:40:10Wire.java DEBUG[Forwarding setTimeout on session 4f5ed61f4c47bfcaf8fa797a85bdd9ee to remote]http.wire73-http-outgoing-3 &lt;&lt; &quot;Content-Length:72[\r][\n]&quot;
03-79-2018 15:40:10Wire.java DEBUG[Forwarding setTimeout on session 4f5ed61f4c47bfcaf8fa797a85bdd9ee to remote]http.wire73-http-outgoing-3 &lt;&lt; &quot;Content-Type:application/json; charset=utf-8[\r][\n]&quot;
03-79-2018 15:40:10Wire.java DEBUG[Forwarding setTimeout on session 4f5ed61f4c47bfcaf8fa797a85bdd9ee to remote]http.wire73-http-outgoing-3 &lt;&lt; &quot;Connection:close[\r][\n]&quot;
03-79-2018 15:40:10Wire.java DEBUG[Forwarding setTimeout on session 4f5ed61f4c47bfcaf8fa797a85bdd9ee to remote]http.wire73-http-outgoing-3 &lt;&lt; &quot;[\r][\n]&quot;
03-79-2018 15:40:10Wire.java DEBUG[Forwarding setTimeout on session 4f5ed61f4c47bfcaf8fa797a85bdd9ee to remote]http.wire87-http-outgoing-3 &lt;&lt; &quot;{&quot;sessionId&quot;:&quot;4f5ed61f4c47bfcaf8fa797a85bdd9ee&quot;,&quot;status&quot;:0,&quot;value&quot;:null}&quot;
03-79-2018 15:40:10LoggingManagedHttpClientConnection.java DEBUG[Forwarding setTimeout on session 4f5ed61f4c47bfcaf8fa797a85bdd9ee to remote]http.headers122-http-outgoing-3 &lt;&lt; HTTP/1.1 200 OK
03-79-2018 15:40:10LoggingManagedHttpClientConnection.java DEBUG[Forwarding setTimeout on session 4f5ed61f4c47bfcaf8fa797a85bdd9ee to remote]http.headers125-http-outgoing-3 &lt;&lt; Content-Length:72
03-79-2018 15:40:10LoggingManagedHttpClientConnection.java DEBUG[Forwarding setTimeout on session 4f5ed61f4c47bfcaf8fa797a85bdd9ee to remote]http.headers125-http-outgoing-3 &lt;&lt; Content-Type:application/json; charset=utf-8
03-79-2018 15:40:10LoggingManagedHttpClientConnection.java DEBUG[Forwarding setTimeout on session 4f5ed61f4c47bfcaf8fa797a85bdd9ee to remote]http.headers125-http-outgoing-3 &lt;&lt; Connection:close
03-79-2018 15:40:10LoggingManagedHttpClientConnection.java DEBUG[Forwarding setTimeout on session 4f5ed61f4c47bfcaf8fa797a85bdd9ee to remote]conn.DefaultManagedHttpClientConnection79-http-outgoing-3: Close connection
03-79-2018 15:40:10ConnectionHolder.java DEBUG[Forwarding setTimeout on session 4f5ed61f4c47bfcaf8fa797a85bdd9ee to remote]execchain.MainClientExec104-Connection discarded
03-79-2018 15:40:10PoolingHttpClientConnectionManager.java DEBUG[Forwarding setTimeout on session 4f5ed61f4c47bfcaf8fa797a85bdd9ee to remote]conn.PoolingHttpClientConnectionManager326-Connection released: [id: 3][route: {}-&gt;http://localhost:19712][total kept alive: 0; route allocated: 0 of 2000; total allocated: 0 of 2000]
03-79-2018 15:40:10RequestAddCookies.java DEBUG[Forwarding findElement on session 4f5ed61f4c47bfcaf8fa797a85bdd9ee to remote]protocol.RequestAddCookies123-CookieSpec selected: default
03-79-2018 15:40:10RequestAuthCache.java DEBUG[Forwarding findElement on session 4f5ed61f4c47bfcaf8fa797a85bdd9ee to remote]protocol.RequestAuthCache77-Auth cache not set in the context
03-79-2018 15:40:10PoolingHttpClientConnectionManager.java DEBUG[Forwarding findElement on session 4f5ed61f4c47bfcaf8fa797a85bdd9ee to remote]conn.PoolingHttpClientConnectionManager255-Connection request: [route: {}-&gt;http://localhost:19712][total kept alive: 0; route allocated: 0 of 2000; total allocated: 0 of 2000]
03-79-2018 15:40:10PoolingHttpClientConnectionManager.java DEBUG[Forwarding findElement on session 4f5ed61f4c47bfcaf8fa797a85bdd9ee to remote]conn.PoolingHttpClientConnectionManager288-Connection leased: [id: 4][route: {}-&gt;http://localhost:19712][total kept alive: 0; route allocated: 1 of 2000; total allocated: 1 of 2000]
03-79-2018 15:40:10MainClientExec.java DEBUG[Forwarding findElement on session 4f5ed61f4c47bfcaf8fa797a85bdd9ee to remote]execchain.MainClientExec235-Opening connection {}-&gt;http://localhost:19712
03-79-2018 15:40:10DefaultHttpClientConnectionOperator.java DEBUG[Forwarding findElement on session 4f5ed61f4c47bfcaf8fa797a85bdd9ee to remote]conn.DefaultHttpClientConnectionOperator139-Connecting to localhost/127.0.0.1:19712
03-79-2018 15:40:10DefaultHttpClientConnectionOperator.java DEBUG[Forwarding findElement on session 4f5ed61f4c47bfcaf8fa797a85bdd9ee to remote]conn.DefaultHttpClientConnectionOperator146-Connection established 127.0.0.1:58054&lt;-&gt;127.0.0.1:19712
03-79-2018 15:40:10LoggingManagedHttpClientConnection.java DEBUG[Forwarding findElement on session 4f5ed61f4c47bfcaf8fa797a85bdd9ee to remote]conn.DefaultManagedHttpClientConnection88-http-outgoing-4: set socket timeout to 10800000
03-79-2018 15:40:10MainClientExec.java DEBUG[Forwarding findElement on session 4f5ed61f4c47bfcaf8fa797a85bdd9ee to remote]execchain.MainClientExec256-Executing request POST /session/4f5ed61f4c47bfcaf8fa797a85bdd9ee/element HTTP/1.1
03-79-2018 15:40:10MainClientExec.java DEBUG[Forwarding findElement on session 4f5ed61f4c47bfcaf8fa797a85bdd9ee to remote]execchain.MainClientExec261-Target auth state: UNCHALLENGED
03-79-2018 15:40:10MainClientExec.java DEBUG[Forwarding findElement on session 4f5ed61f4c47bfcaf8fa797a85bdd9ee to remote]execchain.MainClientExec267-Proxy auth state: UNCHALLENGED
03-79-2018 15:40:10LoggingManagedHttpClientConnection.java DEBUG[Forwarding findElement on session 4f5ed61f4c47bfcaf8fa797a85bdd9ee to remote]http.headers133-http-outgoing-4 &gt;&gt; POST /session/4f5ed61f4c47bfcaf8fa797a85bdd9ee/element HTTP/1.1
03-79-2018 15:40:10LoggingManagedHttpClientConnection.java DEBUG[Forwarding findElement on session 4f5ed61f4c47bfcaf8fa797a85bdd9ee to remote]http.headers136-http-outgoing-4 &gt;&gt; Content-Type: application/json; charset=utf-8
03-79-2018 15:40:10LoggingManagedHttpClientConnection.java DEBUG[Forwarding findElement on session 4f5ed61f4c47bfcaf8fa797a85bdd9ee to remote]http.headers136-http-outgoing-4 &gt;&gt; Content-Length: 35
03-79-2018 15:40:10LoggingManagedHttpClientConnection.java DEBUG[Forwarding findElement on session 4f5ed61f4c47bfcaf8fa797a85bdd9ee to remote]http.headers136-http-outgoing-4 &gt;&gt; Host: localhost:19712
03-79-2018 15:40:10LoggingManagedHttpClientConnection.java DEBUG[Forwarding findElement on session 4f5ed61f4c47bfcaf8fa797a85bdd9ee to remote]http.headers136-http-outgoing-4 &gt;&gt; Connection: Keep-Alive
03-79-2018 15:40:10LoggingManagedHttpClientConnection.java DEBUG[Forwarding findElement on session 4f5ed61f4c47bfcaf8fa797a85bdd9ee to remote]http.headers136-http-outgoing-4 &gt;&gt; User-Agent: Apache-HttpClient/4.5.3 (Java/1.8.0_141)
03-79-2018 15:40:10LoggingManagedHttpClientConnection.java DEBUG[Forwarding findElement on session 4f5ed61f4c47bfcaf8fa797a85bdd9ee to remote]http.headers136-http-outgoing-4 &gt;&gt; Accept-Encoding: gzip,deflate
03-79-2018 15:40:10Wire.java DEBUG[Forwarding findElement on session 4f5ed61f4c47bfcaf8fa797a85bdd9ee to remote]http.wire73-http-outgoing-4 &gt;&gt; &quot;POST /session/4f5ed61f4c47bfcaf8fa797a85bdd9ee/element HTTP/1.1[\r][\n]&quot;
03-79-2018 15:40:10Wire.java DEBUG[Forwarding findElement on session 4f5ed61f4c47bfcaf8fa797a85bdd9ee to remote]http.wire73-http-outgoing-4 &gt;&gt; &quot;Content-Type: application/json; charset=utf-8[\r][\n]&quot;
03-79-2018 15:40:10Wire.java DEBUG[Forwarding findElement on session 4f5ed61f4c47bfcaf8fa797a85bdd9ee to remote]http.wire73-http-outgoing-4 &gt;&gt; &quot;Content-Length: 35[\r][\n]&quot;
03-79-2018 15:40:10Wire.java DEBUG[Forwarding findElement on session 4f5ed61f4c47bfcaf8fa797a85bdd9ee to remote]http.wire73-http-outgoing-4 &gt;&gt; &quot;Host: localhost:19712[\r][\n]&quot;
03-79-2018 15:40:10Wire.java DEBUG[Forwarding findElement on session 4f5ed61f4c47bfcaf8fa797a85bdd9ee to remote]http.wire73-http-outgoing-4 &gt;&gt; &quot;Connection: Keep-Alive[\r][\n]&quot;
03-79-2018 15:40:10Wire.java DEBUG[Forwarding findElement on session 4f5ed61f4c47bfcaf8fa797a85bdd9ee to remote]http.wire73-http-outgoing-4 &gt;&gt; &quot;User-Agent: Apache-HttpClient/4.5.3 (Java/1.8.0_141)[\r][\n]&quot;
03-79-2018 15:40:10Wire.java DEBUG[Forwarding findElement on session 4f5ed61f4c47bfcaf8fa797a85bdd9ee to remote]http.wire73-http-outgoing-4 &gt;&gt; &quot;Accept-Encoding: gzip,deflate[\r][\n]&quot;
03-79-2018 15:40:10Wire.java DEBUG[Forwarding findElement on session 4f5ed61f4c47bfcaf8fa797a85bdd9ee to remote]http.wire73-http-outgoing-4 &gt;&gt; &quot;[\r][\n]&quot;
03-79-2018 15:40:10Wire.java DEBUG[Forwarding findElement on session 4f5ed61f4c47bfcaf8fa797a85bdd9ee to remote]http.wire87-http-outgoing-4 &gt;&gt; &quot;{&quot;using&quot;:&quot;name&quot;,&quot;value&quot;:&quot;username&quot;}&quot;
03-79-2018 15:40:10Wire.java DEBUG[Forwarding findElement on session 4f5ed61f4c47bfcaf8fa797a85bdd9ee to remote]http.wire73-http-outgoing-4 &lt;&lt; &quot;HTTP/1.1 200 OK[\r][\n]&quot;
03-79-2018 15:40:10Wire.java DEBUG[Forwarding findElement on session 4f5ed61f4c47bfcaf8fa797a85bdd9ee to remote]http.wire73-http-outgoing-4 &lt;&lt; &quot;Content-Length:103[\r][\n]&quot;
03-79-2018 15:40:10Wire.java DEBUG[Forwarding findElement on session 4f5ed61f4c47bfcaf8fa797a85bdd9ee to remote]http.wire73-http-outgoing-4 &lt;&lt; &quot;Content-Type:application/json; charset=utf-8[\r][\n]&quot;
03-79-2018 15:40:10Wire.java DEBUG[Forwarding findElement on session 4f5ed61f4c47bfcaf8fa797a85bdd9ee to remote]http.wire73-http-outgoing-4 &lt;&lt; &quot;Connection:close[\r][\n]&quot;
03-79-2018 15:40:10Wire.java DEBUG[Forwarding findElement on session 4f5ed61f4c47bfcaf8fa797a85bdd9ee to remote]http.wire73-http-outgoing-4 &lt;&lt; &quot;[\r][\n]&quot;
03-79-2018 15:40:10Wire.java DEBUG[Forwarding findElement on session 4f5ed61f4c47bfcaf8fa797a85bdd9ee to remote]http.wire87-http-outgoing-4 &lt;&lt; &quot;{&quot;sessionId&quot;:&quot;4f5ed61f4c47bfcaf8fa797a85bdd9ee&quot;,&quot;status&quot;:0,&quot;value&quot;:{&quot;ELEMENT&quot;:&quot;0.37189506446564735-1&quot;}}&quot;
03-79-2018 15:40:10LoggingManagedHttpClientConnection.java DEBUG[Forwarding findElement on session 4f5ed61f4c47bfcaf8fa797a85bdd9ee to remote]http.headers122-http-outgoing-4 &lt;&lt; HTTP/1.1 200 OK
03-79-2018 15:40:10LoggingManagedHttpClientConnection.java DEBUG[Forwarding findElement on session 4f5ed61f4c47bfcaf8fa797a85bdd9ee to remote]http.headers125-http-outgoing-4 &lt;&lt; Content-Length:103
03-79-2018 15:40:10LoggingManagedHttpClientConnection.java DEBUG[Forwarding findElement on session 4f5ed61f4c47bfcaf8fa797a85bdd9ee to remote]http.headers125-http-outgoing-4 &lt;&lt; Content-Type:application/json; charset=utf-8
03-79-2018 15:40:10LoggingManagedHttpClientConnection.java DEBUG[Forwarding findElement on session 4f5ed61f4c47bfcaf8fa797a85bdd9ee to remote]http.headers125-http-outgoing-4 &lt;&lt; Connection:close
03-79-2018 15:40:10LoggingManagedHttpClientConnection.java DEBUG[Forwarding findElement on session 4f5ed61f4c47bfcaf8fa797a85bdd9ee to remote]conn.DefaultManagedHttpClientConnection79-http-outgoing-4: Close connection
03-79-2018 15:40:10ConnectionHolder.java DEBUG[Forwarding findElement on session 4f5ed61f4c47bfcaf8fa797a85bdd9ee to remote]execchain.MainClientExec104-Connection discarded
03-79-2018 15:40:10PoolingHttpClientConnectionManager.java DEBUG[Forwarding findElement on session 4f5ed61f4c47bfcaf8fa797a85bdd9ee to remote]conn.PoolingHttpClientConnectionManager326-Connection released: [id: 4][route: {}-&gt;http://localhost:19712][total kept alive: 0; route allocated: 0 of 2000; total allocated: 0 of 2000]
03-79-2018 15:40:10RequestAddCookies.java DEBUG[Forwarding sendKeysToElement on session 4f5ed61f4c47bfcaf8fa797a85bdd9ee to remote]protocol.RequestAddCookies123-CookieSpec selected: default
03-79-2018 15:40:10RequestAuthCache.java DEBUG[Forwarding sendKeysToElement on session 4f5ed61f4c47bfcaf8fa797a85bdd9ee to remote]protocol.RequestAuthCache77-Auth cache not set in the context
03-79-2018 15:40:10PoolingHttpClientConnectionManager.java DEBUG[Forwarding sendKeysToElement on session 4f5ed61f4c47bfcaf8fa797a85bdd9ee to remote]conn.PoolingHttpClientConnectionManager255-Connection request: [route: {}-&gt;http://localhost:19712][total kept alive: 0; route allocated: 0 of 2000; total allocated: 0 of 2000]
03-79-2018 15:40:10PoolingHttpClientConnectionManager.java DEBUG[Forwarding sendKeysToElement on session 4f5ed61f4c47bfcaf8fa797a85bdd9ee to remote]conn.PoolingHttpClientConnectionManager288-Connection leased: [id: 5][route: {}-&gt;http://localhost:19712][total kept alive: 0; route allocated: 1 of 2000; total allocated: 1 of 2000]
03-79-2018 15:40:10MainClientExec.java DEBUG[Forwarding sendKeysToElement on session 4f5ed61f4c47bfcaf8fa797a85bdd9ee to remote]execchain.MainClientExec235-Opening connection {}-&gt;http://localhost:19712
03-79-2018 15:40:10DefaultHttpClientConnectionOperator.java DEBUG[Forwarding sendKeysToElement on session 4f5ed61f4c47bfcaf8fa797a85bdd9ee to remote]conn.DefaultHttpClientConnectionOperator139-Connecting to localhost/127.0.0.1:19712
03-79-2018 15:40:10DefaultHttpClientConnectionOperator.java DEBUG[Forwarding sendKeysToElement on session 4f5ed61f4c47bfcaf8fa797a85bdd9ee to remote]conn.DefaultHttpClientConnectionOperator146-Connection established 127.0.0.1:58055&lt;-&gt;127.0.0.1:19712
03-79-2018 15:40:10LoggingManagedHttpClientConnection.java DEBUG[Forwarding sendKeysToElement on session 4f5ed61f4c47bfcaf8fa797a85bdd9ee to remote]conn.DefaultManagedHttpClientConnection88-http-outgoing-5: set socket timeout to 10800000
03-79-2018 15:40:10MainClientExec.java DEBUG[Forwarding sendKeysToElement on session 4f5ed61f4c47bfcaf8fa797a85bdd9ee to remote]execchain.MainClientExec256-Executing request POST /session/4f5ed61f4c47bfcaf8fa797a85bdd9ee/element/0.37189506446564735-1/value HTTP/1.1
03-79-2018 15:40:10MainClientExec.java DEBUG[Forwarding sendKeysToElement on session 4f5ed61f4c47bfcaf8fa797a85bdd9ee to remote]execchain.MainClientExec261-Target auth state: UNCHALLENGED
03-79-2018 15:40:10MainClientExec.java DEBUG[Forwarding sendKeysToElement on session 4f5ed61f4c47bfcaf8fa797a85bdd9ee to remote]execchain.MainClientExec267-Proxy auth state: UNCHALLENGED
03-79-2018 15:40:10LoggingManagedHttpClientConnection.java DEBUG[Forwarding sendKeysToElement on session 4f5ed61f4c47bfcaf8fa797a85bdd9ee to remote]http.headers133-http-outgoing-5 &gt;&gt; POST /session/4f5ed61f4c47bfcaf8fa797a85bdd9ee/element/0.37189506446564735-1/value HTTP/1.1
03-79-2018 15:40:10LoggingManagedHttpClientConnection.java DEBUG[Forwarding sendKeysToElement on session 4f5ed61f4c47bfcaf8fa797a85bdd9ee to remote]http.headers136-http-outgoing-5 &gt;&gt; Content-Type: application/json; charset=utf-8
03-79-2018 15:40:10LoggingManagedHttpClientConnection.java DEBUG[Forwarding sendKeysToElement on session 4f5ed61f4c47bfcaf8fa797a85bdd9ee to remote]http.headers136-http-outgoing-5 &gt;&gt; Content-Length: 53
03-79-2018 15:40:10LoggingManagedHttpClientConnection.java DEBUG[Forwarding sendKeysToElement on session 4f5ed61f4c47bfcaf8fa797a85bdd9ee to remote]http.headers136-http-outgoing-5 &gt;&gt; Host: localhost:19712
03-79-2018 15:40:10LoggingManagedHttpClientConnection.java DEBUG[Forwarding sendKeysToElement on session 4f5ed61f4c47bfcaf8fa797a85bdd9ee to remote]http.headers136-http-outgoing-5 &gt;&gt; Connection: Keep-Alive
03-79-2018 15:40:10LoggingManagedHttpClientConnection.java DEBUG[Forwarding sendKeysToElement on session 4f5ed61f4c47bfcaf8fa797a85bdd9ee to remote]http.headers136-http-outgoing-5 &gt;&gt; User-Agent: Apache-HttpClient/4.5.3 (Java/1.8.0_141)
03-79-2018 15:40:10LoggingManagedHttpClientConnection.java DEBUG[Forwarding sendKeysToElement on session 4f5ed61f4c47bfcaf8fa797a85bdd9ee to remote]http.headers136-http-outgoing-5 &gt;&gt; Accept-Encoding: gzip,deflate
03-79-2018 15:40:10Wire.java DEBUG[Forwarding sendKeysToElement on session 4f5ed61f4c47bfcaf8fa797a85bdd9ee to remote]http.wire73-http-outgoing-5 &gt;&gt; &quot;POST /session/4f5ed61f4c47bfcaf8fa797a85bdd9ee/element/0.37189506446564735-1/value HTTP/1.1[\r][\n]&quot;
03-79-2018 15:40:10Wire.java DEBUG[Forwarding sendKeysToElement on session 4f5ed61f4c47bfcaf8fa797a85bdd9ee to remote]http.wire73-http-outgoing-5 &gt;&gt; &quot;Content-Type: application/json; charset=utf-8[\r][\n]&quot;
03-79-2018 15:40:10Wire.java DEBUG[Forwarding sendKeysToElement on session 4f5ed61f4c47bfcaf8fa797a85bdd9ee to remote]http.wire73-http-outgoing-5 &gt;&gt; &quot;Content-Length: 53[\r][\n]&quot;
03-79-2018 15:40:10Wire.java DEBUG[Forwarding sendKeysToElement on session 4f5ed61f4c47bfcaf8fa797a85bdd9ee to remote]http.wire73-http-outgoing-5 &gt;&gt; &quot;Host: localhost:19712[\r][\n]&quot;
03-79-2018 15:40:10Wire.java DEBUG[Forwarding sendKeysToElement on session 4f5ed61f4c47bfcaf8fa797a85bdd9ee to remote]http.wire73-http-outgoing-5 &gt;&gt; &quot;Connection: Keep-Alive[\r][\n]&quot;
03-79-2018 15:40:10Wire.java DEBUG[Forwarding sendKeysToElement on session 4f5ed61f4c47bfcaf8fa797a85bdd9ee to remote]http.wire73-http-outgoing-5 &gt;&gt; &quot;User-Agent: Apache-HttpClient/4.5.3 (Java/1.8.0_141)[\r][\n]&quot;
03-79-2018 15:40:10Wire.java DEBUG[Forwarding sendKeysToElement on session 4f5ed61f4c47bfcaf8fa797a85bdd9ee to remote]http.wire73-http-outgoing-5 &gt;&gt; &quot;Accept-Encoding: gzip,deflate[\r][\n]&quot;
03-79-2018 15:40:10Wire.java DEBUG[Forwarding sendKeysToElement on session 4f5ed61f4c47bfcaf8fa797a85bdd9ee to remote]http.wire73-http-outgoing-5 &gt;&gt; &quot;[\r][\n]&quot;
03-79-2018 15:40:11Wire.java DEBUG[Forwarding sendKeysToElement on session 4f5ed61f4c47bfcaf8fa797a85bdd9ee to remote]http.wire87-http-outgoing-5 &gt;&gt; &quot;{&quot;id&quot;:&quot;0.37189506446564735-1&quot;,&quot;value&quot;:[&quot;ashokreddy&quot;]}&quot;
03-79-2018 15:40:11Wire.java DEBUG[Forwarding sendKeysToElement on session 4f5ed61f4c47bfcaf8fa797a85bdd9ee to remote]http.wire73-http-outgoing-5 &lt;&lt; &quot;HTTP/1.1 200 OK[\r][\n]&quot;
03-79-2018 15:40:11Wire.java DEBUG[Forwarding sendKeysToElement on session 4f5ed61f4c47bfcaf8fa797a85bdd9ee to remote]http.wire73-http-outgoing-5 &lt;&lt; &quot;Content-Length:72[\r][\n]&quot;
03-79-2018 15:40:11Wire.java DEBUG[Forwarding sendKeysToElement on session 4f5ed61f4c47bfcaf8fa797a85bdd9ee to remote]http.wire73-http-outgoing-5 &lt;&lt; &quot;Content-Type:application/json; charset=utf-8[\r][\n]&quot;
03-79-2018 15:40:11Wire.java DEBUG[Forwarding sendKeysToElement on session 4f5ed61f4c47bfcaf8fa797a85bdd9ee to remote]http.wire73-http-outgoing-5 &lt;&lt; &quot;Connection:close[\r][\n]&quot;
03-79-2018 15:40:11Wire.java DEBUG[Forwarding sendKeysToElement on session 4f5ed61f4c47bfcaf8fa797a85bdd9ee to remote]http.wire73-http-outgoing-5 &lt;&lt; &quot;[\r][\n]&quot;
03-79-2018 15:40:11Wire.java DEBUG[Forwarding sendKeysToElement on session 4f5ed61f4c47bfcaf8fa797a85bdd9ee to remote]http.wire87-http-outgoing-5 &lt;&lt; &quot;{&quot;sessionId&quot;:&quot;4f5ed61f4c47bfcaf8fa797a85bdd9ee&quot;,&quot;status&quot;:0,&quot;value&quot;:null}&quot;
03-79-2018 15:40:11LoggingManagedHttpClientConnection.java DEBUG[Forwarding sendKeysToElement on session 4f5ed61f4c47bfcaf8fa797a85bdd9ee to remote]http.headers122-http-outgoing-5 &lt;&lt; HTTP/1.1 200 OK
03-79-2018 15:40:11LoggingManagedHttpClientConnection.java DEBUG[Forwarding sendKeysToElement on session 4f5ed61f4c47bfcaf8fa797a85bdd9ee to remote]http.headers125-http-outgoing-5 &lt;&lt; Content-Length:72
03-79-2018 15:40:11LoggingManagedHttpClientConnection.java DEBUG[Forwarding sendKeysToElement on session 4f5ed61f4c47bfcaf8fa797a85bdd9ee to remote]http.headers125-http-outgoing-5 &lt;&lt; Content-Type:application/json; charset=utf-8
03-79-2018 15:40:11LoggingManagedHttpClientConnection.java DEBUG[Forwarding sendKeysToElement on session 4f5ed61f4c47bfcaf8fa797a85bdd9ee to remote]http.headers125-http-outgoing-5 &lt;&lt; Connection:close
03-79-2018 15:40:11LoggingManagedHttpClientConnection.java DEBUG[Forwarding sendKeysToElement on session 4f5ed61f4c47bfcaf8fa797a85bdd9ee to remote]conn.DefaultManagedHttpClientConnection79-http-outgoing-5: Close connection
03-79-2018 15:40:11ConnectionHolder.java DEBUG[Forwarding sendKeysToElement on session 4f5ed61f4c47bfcaf8fa797a85bdd9ee to remote]execchain.MainClientExec104-Connection discarded
03-79-2018 15:40:11PoolingHttpClientConnectionManager.java DEBUG[Forwarding sendKeysToElement on session 4f5ed61f4c47bfcaf8fa797a85bdd9ee to remote]conn.PoolingHttpClientConnectionManager326-Connection released: [id: 5][route: {}-&gt;http://localhost:19712][total kept alive: 0; route allocated: 0 of 2000; total allocated: 0 of 2000]
03-79-2018 15:40:14RequestAddCookies.java DEBUG[Forwarding findElement on session 4f5ed61f4c47bfcaf8fa797a85bdd9ee to remote]protocol.RequestAddCookies123-CookieSpec selected: default
03-79-2018 15:40:14RequestAuthCache.java DEBUG[Forwarding findElement on session 4f5ed61f4c47bfcaf8fa797a85bdd9ee to remote]protocol.RequestAuthCache77-Auth cache not set in the context
03-79-2018 15:40:14PoolingHttpClientConnectionManager.java DEBUG[Forwarding findElement on session 4f5ed61f4c47bfcaf8fa797a85bdd9ee to remote]conn.PoolingHttpClientConnectionManager255-Connection request: [route: {}-&gt;http://localhost:19712][total kept alive: 0; route allocated: 0 of 2000; total allocated: 0 of 2000]
03-79-2018 15:40:14PoolingHttpClientConnectionManager.java DEBUG[Forwarding findElement on session 4f5ed61f4c47bfcaf8fa797a85bdd9ee to remote]conn.PoolingHttpClientConnectionManager288-Connection leased: [id: 6][route: {}-&gt;http://localhost:19712][total kept alive: 0; route allocated: 1 of 2000; total allocated: 1 of 2000]
03-79-2018 15:40:14MainClientExec.java DEBUG[Forwarding findElement on session 4f5ed61f4c47bfcaf8fa797a85bdd9ee to remote]execchain.MainClientExec235-Opening connection {}-&gt;http://localhost:19712
03-79-2018 15:40:14DefaultHttpClientConnectionOperator.java DEBUG[Forwarding findElement on session 4f5ed61f4c47bfcaf8fa797a85bdd9ee to remote]conn.DefaultHttpClientConnectionOperator139-Connecting to localhost/127.0.0.1:19712
03-79-2018 15:40:14DefaultHttpClientConnectionOperator.java DEBUG[Forwarding findElement on session 4f5ed61f4c47bfcaf8fa797a85bdd9ee to remote]conn.DefaultHttpClientConnectionOperator146-Connection established 127.0.0.1:58057&lt;-&gt;127.0.0.1:19712
03-79-2018 15:40:14LoggingManagedHttpClientConnection.java DEBUG[Forwarding findElement on session 4f5ed61f4c47bfcaf8fa797a85bdd9ee to remote]conn.DefaultManagedHttpClientConnection88-http-outgoing-6: set socket timeout to 10800000
03-79-2018 15:40:14MainClientExec.java DEBUG[Forwarding findElement on session 4f5ed61f4c47bfcaf8fa797a85bdd9ee to remote]execchain.MainClientExec256-Executing request POST /session/4f5ed61f4c47bfcaf8fa797a85bdd9ee/element HTTP/1.1
03-79-2018 15:40:14MainClientExec.java DEBUG[Forwarding findElement on session 4f5ed61f4c47bfcaf8fa797a85bdd9ee to remote]execchain.MainClientExec261-Target auth state: UNCHALLENGED
03-79-2018 15:40:14MainClientExec.java DEBUG[Forwarding findElement on session 4f5ed61f4c47bfcaf8fa797a85bdd9ee to remote]execchain.MainClientExec267-Proxy auth state: UNCHALLENGED
03-79-2018 15:40:14LoggingManagedHttpClientConnection.java DEBUG[Forwarding findElement on session 4f5ed61f4c47bfcaf8fa797a85bdd9ee to remote]http.headers133-http-outgoing-6 &gt;&gt; POST /session/4f5ed61f4c47bfcaf8fa797a85bdd9ee/element HTTP/1.1
03-79-2018 15:40:14LoggingManagedHttpClientConnection.java DEBUG[Forwarding findElement on session 4f5ed61f4c47bfcaf8fa797a85bdd9ee to remote]http.headers136-http-outgoing-6 &gt;&gt; Content-Type: application/json; charset=utf-8
03-79-2018 15:40:14LoggingManagedHttpClientConnection.java DEBUG[Forwarding findElement on session 4f5ed61f4c47bfcaf8fa797a85bdd9ee to remote]http.headers136-http-outgoing-6 &gt;&gt; Content-Length: 35
03-79-2018 15:40:14LoggingManagedHttpClientConnection.java DEBUG[Forwarding findElement on session 4f5ed61f4c47bfcaf8fa797a85bdd9ee to remote]http.headers136-http-outgoing-6 &gt;&gt; Host: localhost:19712
03-79-2018 15:40:14LoggingManagedHttpClientConnection.java DEBUG[Forwarding findElement on session 4f5ed61f4c47bfcaf8fa797a85bdd9ee to remote]http.headers136-http-outgoing-6 &gt;&gt; Connection: Keep-Alive
03-79-2018 15:40:14LoggingManagedHttpClientConnection.java DEBUG[Forwarding findElement on session 4f5ed61f4c47bfcaf8fa797a85bdd9ee to remote]http.headers136-http-outgoing-6 &gt;&gt; User-Agent: Apache-HttpClient/4.5.3 (Java/1.8.0_141)
03-79-2018 15:40:14LoggingManagedHttpClientConnection.java DEBUG[Forwarding findElement on session 4f5ed61f4c47bfcaf8fa797a85bdd9ee to remote]http.headers136-http-outgoing-6 &gt;&gt; Accept-Encoding: gzip,deflate
03-79-2018 15:40:14Wire.java DEBUG[Forwarding findElement on session 4f5ed61f4c47bfcaf8fa797a85bdd9ee to remote]http.wire73-http-outgoing-6 &gt;&gt; &quot;POST /session/4f5ed61f4c47bfcaf8fa797a85bdd9ee/element HTTP/1.1[\r][\n]&quot;
03-79-2018 15:40:14Wire.java DEBUG[Forwarding findElement on session 4f5ed61f4c47bfcaf8fa797a85bdd9ee to remote]http.wire73-http-outgoing-6 &gt;&gt; &quot;Content-Type: application/json; charset=utf-8[\r][\n]&quot;
03-79-2018 15:40:14Wire.java DEBUG[Forwarding findElement on session 4f5ed61f4c47bfcaf8fa797a85bdd9ee to remote]http.wire73-http-outgoing-6 &gt;&gt; &quot;Content-Length: 35[\r][\n]&quot;
03-79-2018 15:40:14Wire.java DEBUG[Forwarding findElement on session 4f5ed61f4c47bfcaf8fa797a85bdd9ee to remote]http.wire73-http-outgoing-6 &gt;&gt; &quot;Host: localhost:19712[\r][\n]&quot;
03-79-2018 15:40:14Wire.java DEBUG[Forwarding findElement on session 4f5ed61f4c47bfcaf8fa797a85bdd9ee to remote]http.wire73-http-outgoing-6 &gt;&gt; &quot;Connection: Keep-Alive[\r][\n]&quot;
03-79-2018 15:40:14Wire.java DEBUG[Forwarding findElement on session 4f5ed61f4c47bfcaf8fa797a85bdd9ee to remote]http.wire73-http-outgoing-6 &gt;&gt; &quot;User-Agent: Apache-HttpClient/4.5.3 (Java/1.8.0_141)[\r][\n]&quot;
03-79-2018 15:40:14Wire.java DEBUG[Forwarding findElement on session 4f5ed61f4c47bfcaf8fa797a85bdd9ee to remote]http.wire73-http-outgoing-6 &gt;&gt; &quot;Accept-Encoding: gzip,deflate[\r][\n]&quot;
03-79-2018 15:40:14Wire.java DEBUG[Forwarding findElement on session 4f5ed61f4c47bfcaf8fa797a85bdd9ee to remote]http.wire73-http-outgoing-6 &gt;&gt; &quot;[\r][\n]&quot;
03-79-2018 15:40:14Wire.java DEBUG[Forwarding findElement on session 4f5ed61f4c47bfcaf8fa797a85bdd9ee to remote]http.wire87-http-outgoing-6 &gt;&gt; &quot;{&quot;using&quot;:&quot;name&quot;,&quot;value&quot;:&quot;password&quot;}&quot;
03-79-2018 15:40:14Wire.java DEBUG[Forwarding findElement on session 4f5ed61f4c47bfcaf8fa797a85bdd9ee to remote]http.wire73-http-outgoing-6 &lt;&lt; &quot;HTTP/1.1 200 OK[\r][\n]&quot;
03-79-2018 15:40:14Wire.java DEBUG[Forwarding findElement on session 4f5ed61f4c47bfcaf8fa797a85bdd9ee to remote]http.wire73-http-outgoing-6 &lt;&lt; &quot;Content-Length:103[\r][\n]&quot;
03-79-2018 15:40:14Wire.java DEBUG[Forwarding findElement on session 4f5ed61f4c47bfcaf8fa797a85bdd9ee to remote]http.wire73-http-outgoing-6 &lt;&lt; &quot;Content-Type:application/json; charset=utf-8[\r][\n]&quot;
03-79-2018 15:40:14Wire.java DEBUG[Forwarding findElement on session 4f5ed61f4c47bfcaf8fa797a85bdd9ee to remote]http.wire73-http-outgoing-6 &lt;&lt; &quot;Connection:close[\r][\n]&quot;
03-79-2018 15:40:14Wire.java DEBUG[Forwarding findElement on session 4f5ed61f4c47bfcaf8fa797a85bdd9ee to remote]http.wire73-http-outgoing-6 &lt;&lt; &quot;[\r][\n]&quot;
03-79-2018 15:40:14Wire.java DEBUG[Forwarding findElement on session 4f5ed61f4c47bfcaf8fa797a85bdd9ee to remote]http.wire87-http-outgoing-6 &lt;&lt; &quot;{&quot;sessionId&quot;:&quot;4f5ed61f4c47bfcaf8fa797a85bdd9ee&quot;,&quot;status&quot;:0,&quot;value&quot;:{&quot;ELEMENT&quot;:&quot;0.37189506446564735-2&quot;}}&quot;
03-79-2018 15:40:14LoggingManagedHttpClientConnection.java DEBUG[Forwarding findElement on session 4f5ed61f4c47bfcaf8fa797a85bdd9ee to remote]http.headers122-http-outgoing-6 &lt;&lt; HTTP/1.1 200 OK
03-79-2018 15:40:14LoggingManagedHttpClientConnection.java DEBUG[Forwarding findElement on session 4f5ed61f4c47bfcaf8fa797a85bdd9ee to remote]http.headers125-http-outgoing-6 &lt;&lt; Content-Length:103
03-79-2018 15:40:14LoggingManagedHttpClientConnection.java DEBUG[Forwarding findElement on session 4f5ed61f4c47bfcaf8fa797a85bdd9ee to remote]http.headers125-http-outgoing-6 &lt;&lt; Content-Type:application/json; charset=utf-8
03-79-2018 15:40:14LoggingManagedHttpClientConnection.java DEBUG[Forwarding findElement on session 4f5ed61f4c47bfcaf8fa797a85bdd9ee to remote]http.headers125-http-outgoing-6 &lt;&lt; Connection:close
03-79-2018 15:40:14LoggingManagedHttpClientConnection.java DEBUG[Forwarding findElement on session 4f5ed61f4c47bfcaf8fa797a85bdd9ee to remote]conn.DefaultManagedHttpClientConnection79-http-outgoing-6: Close connection
03-79-2018 15:40:14ConnectionHolder.java DEBUG[Forwarding findElement on session 4f5ed61f4c47bfcaf8fa797a85bdd9ee to remote]execchain.MainClientExec104-Connection discarded
03-79-2018 15:40:14PoolingHttpClientConnectionManager.java DEBUG[Forwarding findElement on session 4f5ed61f4c47bfcaf8fa797a85bdd9ee to remote]conn.PoolingHttpClientConnectionManager326-Connection released: [id: 6][route: {}-&gt;http://localhost:19712][total kept alive: 0; route allocated: 0 of 2000; total allocated: 0 of 2000]
03-79-2018 15:40:14RequestAddCookies.java DEBUG[Forwarding sendKeysToElement on session 4f5ed61f4c47bfcaf8fa797a85bdd9ee to remote]protocol.RequestAddCookies123-CookieSpec selected: default
03-79-2018 15:40:14RequestAuthCache.java DEBUG[Forwarding sendKeysToElement on session 4f5ed61f4c47bfcaf8fa797a85bdd9ee to remote]protocol.RequestAuthCache77-Auth cache not set in the context
03-79-2018 15:40:14PoolingHttpClientConnectionManager.java DEBUG[Forwarding sendKeysToElement on session 4f5ed61f4c47bfcaf8fa797a85bdd9ee to remote]conn.PoolingHttpClientConnectionManager255-Connection request: [route: {}-&gt;http://localhost:19712][total kept alive: 0; route allocated: 0 of 2000; total allocated: 0 of 2000]
03-79-2018 15:40:14PoolingHttpClientConnectionManager.java DEBUG[Forwarding sendKeysToElement on session 4f5ed61f4c47bfcaf8fa797a85bdd9ee to remote]conn.PoolingHttpClientConnectionManager288-Connection leased: [id: 7][route: {}-&gt;http://localhost:19712][total kept alive: 0; route allocated: 1 of 2000; total allocated: 1 of 2000]
03-79-2018 15:40:14MainClientExec.java DEBUG[Forwarding sendKeysToElement on session 4f5ed61f4c47bfcaf8fa797a85bdd9ee to remote]execchain.MainClientExec235-Opening connection {}-&gt;http://localhost:19712
03-79-2018 15:40:14DefaultHttpClientConnectionOperator.java DEBUG[Forwarding sendKeysToElement on session 4f5ed61f4c47bfcaf8fa797a85bdd9ee to remote]conn.DefaultHttpClientConnectionOperator139-Connecting to localhost/127.0.0.1:19712
03-79-2018 15:40:14DefaultHttpClientConnectionOperator.java DEBUG[Forwarding sendKeysToElement on session 4f5ed61f4c47bfcaf8fa797a85bdd9ee to remote]conn.DefaultHttpClientConnectionOperator146-Connection established 127.0.0.1:58058&lt;-&gt;127.0.0.1:19712
03-79-2018 15:40:14LoggingManagedHttpClientConnection.java DEBUG[Forwarding sendKeysToElement on session 4f5ed61f4c47bfcaf8fa797a85bdd9ee to remote]conn.DefaultManagedHttpClientConnection88-http-outgoing-7: set socket timeout to 10800000
03-79-2018 15:40:14MainClientExec.java DEBUG[Forwarding sendKeysToElement on session 4f5ed61f4c47bfcaf8fa797a85bdd9ee to remote]execchain.MainClientExec256-Executing request POST /session/4f5ed61f4c47bfcaf8fa797a85bdd9ee/element/0.37189506446564735-2/value HTTP/1.1
03-79-2018 15:40:14MainClientExec.java DEBUG[Forwarding sendKeysToElement on session 4f5ed61f4c47bfcaf8fa797a85bdd9ee to remote]execchain.MainClientExec261-Target auth state: UNCHALLENGED
03-79-2018 15:40:14MainClientExec.java DEBUG[Forwarding sendKeysToElement on session 4f5ed61f4c47bfcaf8fa797a85bdd9ee to remote]execchain.MainClientExec267-Proxy auth state: UNCHALLENGED
03-79-2018 15:40:14LoggingManagedHttpClientConnection.java DEBUG[Forwarding sendKeysToElement on session 4f5ed61f4c47bfcaf8fa797a85bdd9ee to remote]http.headers133-http-outgoing-7 &gt;&gt; POST /session/4f5ed61f4c47bfcaf8fa797a85bdd9ee/element/0.37189506446564735-2/value HTTP/1.1
03-79-2018 15:40:14LoggingManagedHttpClientConnection.java DEBUG[Forwarding sendKeysToElement on session 4f5ed61f4c47bfcaf8fa797a85bdd9ee to remote]http.headers136-http-outgoing-7 &gt;&gt; Content-Type: application/json; charset=utf-8
03-79-2018 15:40:14LoggingManagedHttpClientConnection.java DEBUG[Forwarding sendKeysToElement on session 4f5ed61f4c47bfcaf8fa797a85bdd9ee to remote]http.headers136-http-outgoing-7 &gt;&gt; Content-Length: 53
03-79-2018 15:40:14LoggingManagedHttpClientConnection.java DEBUG[Forwarding sendKeysToElement on session 4f5ed61f4c47bfcaf8fa797a85bdd9ee to remote]http.headers136-http-outgoing-7 &gt;&gt; Host: localhost:19712
03-79-2018 15:40:14LoggingManagedHttpClientConnection.java DEBUG[Forwarding sendKeysToElement on session 4f5ed61f4c47bfcaf8fa797a85bdd9ee to remote]http.headers136-http-outgoing-7 &gt;&gt; Connection: Keep-Alive
03-79-2018 15:40:14LoggingManagedHttpClientConnection.java DEBUG[Forwarding sendKeysToElement on session 4f5ed61f4c47bfcaf8fa797a85bdd9ee to remote]http.headers136-http-outgoing-7 &gt;&gt; User-Agent: Apache-HttpClient/4.5.3 (Java/1.8.0_141)
03-79-2018 15:40:14LoggingManagedHttpClientConnection.java DEBUG[Forwarding sendKeysToElement on session 4f5ed61f4c47bfcaf8fa797a85bdd9ee to remote]http.headers136-http-outgoing-7 &gt;&gt; Accept-Encoding: gzip,deflate
03-79-2018 15:40:14Wire.java DEBUG[Forwarding sendKeysToElement on session 4f5ed61f4c47bfcaf8fa797a85bdd9ee to remote]http.wire73-http-outgoing-7 &gt;&gt; &quot;POST /session/4f5ed61f4c47bfcaf8fa797a85bdd9ee/element/0.37189506446564735-2/value HTTP/1.1[\r][\n]&quot;
03-79-2018 15:40:14Wire.java DEBUG[Forwarding sendKeysToElement on session 4f5ed61f4c47bfcaf8fa797a85bdd9ee to remote]http.wire73-http-outgoing-7 &gt;&gt; &quot;Content-Type: application/json; charset=utf-8[\r][\n]&quot;
03-79-2018 15:40:14Wire.java DEBUG[Forwarding sendKeysToElement on session 4f5ed61f4c47bfcaf8fa797a85bdd9ee to remote]http.wire73-http-outgoing-7 &gt;&gt; &quot;Content-Length: 53[\r][\n]&quot;
03-79-2018 15:40:14Wire.java DEBUG[Forwarding sendKeysToElement on session 4f5ed61f4c47bfcaf8fa797a85bdd9ee to remote]http.wire73-http-outgoing-7 &gt;&gt; &quot;Host: localhost:19712[\r][\n]&quot;
03-79-2018 15:40:14Wire.java DEBUG[Forwarding sendKeysToElement on session 4f5ed61f4c47bfcaf8fa797a85bdd9ee to remote]http.wire73-http-outgoing-7 &gt;&gt; &quot;Connection: Keep-Alive[\r][\n]&quot;
03-79-2018 15:40:14Wire.java DEBUG[Forwarding sendKeysToElement on session 4f5ed61f4c47bfcaf8fa797a85bdd9ee to remote]http.wire73-http-outgoing-7 &gt;&gt; &quot;User-Agent: Apache-HttpClient/4.5.3 (Java/1.8.0_141)[\r][\n]&quot;
03-79-2018 15:40:14Wire.java DEBUG[Forwarding sendKeysToElement on session 4f5ed61f4c47bfcaf8fa797a85bdd9ee to remote]http.wire73-http-outgoing-7 &gt;&gt; &quot;Accept-Encoding: gzip,deflate[\r][\n]&quot;
03-79-2018 15:40:14Wire.java DEBUG[Forwarding sendKeysToElement on session 4f5ed61f4c47bfcaf8fa797a85bdd9ee to remote]http.wire73-http-outgoing-7 &gt;&gt; &quot;[\r][\n]&quot;
03-79-2018 15:40:14Wire.java DEBUG[Forwarding sendKeysToElement on session 4f5ed61f4c47bfcaf8fa797a85bdd9ee to remote]http.wire87-http-outgoing-7 &gt;&gt; &quot;{&quot;id&quot;:&quot;0.37189506446564735-2&quot;,&quot;value&quot;:[&quot;ashokreddy&quot;]}&quot;
03-79-2018 15:40:14Wire.java DEBUG[Forwarding sendKeysToElement on session 4f5ed61f4c47bfcaf8fa797a85bdd9ee to remote]http.wire73-http-outgoing-7 &lt;&lt; &quot;HTTP/1.1 200 OK[\r][\n]&quot;
03-79-2018 15:40:14Wire.java DEBUG[Forwarding sendKeysToElement on session 4f5ed61f4c47bfcaf8fa797a85bdd9ee to remote]http.wire73-http-outgoing-7 &lt;&lt; &quot;Content-Length:72[\r][\n]&quot;
03-79-2018 15:40:14Wire.java DEBUG[Forwarding sendKeysToElement on session 4f5ed61f4c47bfcaf8fa797a85bdd9ee to remote]http.wire73-http-outgoing-7 &lt;&lt; &quot;Content-Type:application/json; charset=utf-8[\r][\n]&quot;
03-79-2018 15:40:14Wire.java DEBUG[Forwarding sendKeysToElement on session 4f5ed61f4c47bfcaf8fa797a85bdd9ee to remote]http.wire73-http-outgoing-7 &lt;&lt; &quot;Connection:close[\r][\n]&quot;
03-79-2018 15:40:14Wire.java DEBUG[Forwarding sendKeysToElement on session 4f5ed61f4c47bfcaf8fa797a85bdd9ee to remote]http.wire73-http-outgoing-7 &lt;&lt; &quot;[\r][\n]&quot;
03-79-2018 15:40:14Wire.java DEBUG[Forwarding sendKeysToElement on session 4f5ed61f4c47bfcaf8fa797a85bdd9ee to remote]http.wire87-http-outgoing-7 &lt;&lt; &quot;{&quot;sessionId&quot;:&quot;4f5ed61f4c47bfcaf8fa797a85bdd9ee&quot;,&quot;status&quot;:0,&quot;value&quot;:null}&quot;
03-79-2018 15:40:14LoggingManagedHttpClientConnection.java DEBUG[Forwarding sendKeysToElement on session 4f5ed61f4c47bfcaf8fa797a85bdd9ee to remote]http.headers122-http-outgoing-7 &lt;&lt; HTTP/1.1 200 OK
03-79-2018 15:40:14LoggingManagedHttpClientConnection.java DEBUG[Forwarding sendKeysToElement on session 4f5ed61f4c47bfcaf8fa797a85bdd9ee to remote]http.headers125-http-outgoing-7 &lt;&lt; Content-Length:72
03-79-2018 15:40:14LoggingManagedHttpClientConnection.java DEBUG[Forwarding sendKeysToElement on session 4f5ed61f4c47bfcaf8fa797a85bdd9ee to remote]http.headers125-http-outgoing-7 &lt;&lt; Content-Type:application/json; charset=utf-8
03-79-2018 15:40:14LoggingManagedHttpClientConnection.java DEBUG[Forwarding sendKeysToElement on session 4f5ed61f4c47bfcaf8fa797a85bdd9ee to remote]http.headers125-http-outgoing-7 &lt;&lt; Connection:close
03-79-2018 15:40:14LoggingManagedHttpClientConnection.java DEBUG[Forwarding sendKeysToElement on session 4f5ed61f4c47bfcaf8fa797a85bdd9ee to remote]conn.DefaultManagedHttpClientConnection79-http-outgoing-7: Close connection
03-79-2018 15:40:14ConnectionHolder.java DEBUG[Forwarding sendKeysToElement on session 4f5ed61f4c47bfcaf8fa797a85bdd9ee to remote]execchain.MainClientExec104-Connection discarded
03-79-2018 15:40:14PoolingHttpClientConnectionManager.java DEBUG[Forwarding sendKeysToElement on session 4f5ed61f4c47bfcaf8fa797a85bdd9ee to remote]conn.PoolingHttpClientConnectionManager326-Connection released: [id: 7][route: {}-&gt;http://localhost:19712][total kept alive: 0; route allocated: 0 of 2000; total allocated: 0 of 2000]
03-79-2018 15:40:14RequestAddCookies.java DEBUG[Forwarding findElement on session 4f5ed61f4c47bfcaf8fa797a85bdd9ee to remote]protocol.RequestAddCookies123-CookieSpec selected: default
03-79-2018 15:40:14RequestAuthCache.java DEBUG[Forwarding findElement on session 4f5ed61f4c47bfcaf8fa797a85bdd9ee to remote]protocol.RequestAuthCache77-Auth cache not set in the context
03-79-2018 15:40:14PoolingHttpClientConnectionManager.java DEBUG[Forwarding findElement on session 4f5ed61f4c47bfcaf8fa797a85bdd9ee to remote]conn.PoolingHttpClientConnectionManager255-Connection request: [route: {}-&gt;http://localhost:19712][total kept alive: 0; route allocated: 0 of 2000; total allocated: 0 of 2000]
03-79-2018 15:40:14PoolingHttpClientConnectionManager.java DEBUG[Forwarding findElement on session 4f5ed61f4c47bfcaf8fa797a85bdd9ee to remote]conn.PoolingHttpClientConnectionManager288-Connection leased: [id: 8][route: {}-&gt;http://localhost:19712][total kept alive: 0; route allocated: 1 of 2000; total allocated: 1 of 2000]
03-79-2018 15:40:14MainClientExec.java DEBUG[Forwarding findElement on session 4f5ed61f4c47bfcaf8fa797a85bdd9ee to remote]execchain.MainClientExec235-Opening connection {}-&gt;http://localhost:19712
03-79-2018 15:40:14DefaultHttpClientConnectionOperator.java DEBUG[Forwarding findElement on session 4f5ed61f4c47bfcaf8fa797a85bdd9ee to remote]conn.DefaultHttpClientConnectionOperator139-Connecting to localhost/127.0.0.1:19712
03-79-2018 15:40:14DefaultHttpClientConnectionOperator.java DEBUG[Forwarding findElement on session 4f5ed61f4c47bfcaf8fa797a85bdd9ee to remote]conn.DefaultHttpClientConnectionOperator146-Connection established 127.0.0.1:58059&lt;-&gt;127.0.0.1:19712
03-79-2018 15:40:14LoggingManagedHttpClientConnection.java DEBUG[Forwarding findElement on session 4f5ed61f4c47bfcaf8fa797a85bdd9ee to remote]conn.DefaultManagedHttpClientConnection88-http-outgoing-8: set socket timeout to 10800000
03-79-2018 15:40:14MainClientExec.java DEBUG[Forwarding findElement on session 4f5ed61f4c47bfcaf8fa797a85bdd9ee to remote]execchain.MainClientExec256-Executing request POST /session/4f5ed61f4c47bfcaf8fa797a85bdd9ee/element HTTP/1.1
03-79-2018 15:40:14MainClientExec.java DEBUG[Forwarding findElement on session 4f5ed61f4c47bfcaf8fa797a85bdd9ee to remote]execchain.MainClientExec261-Target auth state: UNCHALLENGED
03-79-2018 15:40:14MainClientExec.java DEBUG[Forwarding findElement on session 4f5ed61f4c47bfcaf8fa797a85bdd9ee to remote]execchain.MainClientExec267-Proxy auth state: UNCHALLENGED
03-79-2018 15:40:14LoggingManagedHttpClientConnection.java DEBUG[Forwarding findElement on session 4f5ed61f4c47bfcaf8fa797a85bdd9ee to remote]http.headers133-http-outgoing-8 &gt;&gt; POST /session/4f5ed61f4c47bfcaf8fa797a85bdd9ee/element HTTP/1.1
03-79-2018 15:40:14LoggingManagedHttpClientConnection.java DEBUG[Forwarding findElement on session 4f5ed61f4c47bfcaf8fa797a85bdd9ee to remote]http.headers136-http-outgoing-8 &gt;&gt; Content-Type: application/json; charset=utf-8
03-79-2018 15:40:14LoggingManagedHttpClientConnection.java DEBUG[Forwarding findElement on session 4f5ed61f4c47bfcaf8fa797a85bdd9ee to remote]http.headers136-http-outgoing-8 &gt;&gt; Content-Length: 62
03-79-2018 15:40:14LoggingManagedHttpClientConnection.java DEBUG[Forwarding findElement on session 4f5ed61f4c47bfcaf8fa797a85bdd9ee to remote]http.headers136-http-outgoing-8 &gt;&gt; Host: localhost:19712
03-79-2018 15:40:14LoggingManagedHttpClientConnection.java DEBUG[Forwarding findElement on session 4f5ed61f4c47bfcaf8fa797a85bdd9ee to remote]http.headers136-http-outgoing-8 &gt;&gt; Connection: Keep-Alive
03-79-2018 15:40:14LoggingManagedHttpClientConnection.java DEBUG[Forwarding findElement on session 4f5ed61f4c47bfcaf8fa797a85bdd9ee to remote]http.headers136-http-outgoing-8 &gt;&gt; User-Agent: Apache-HttpClient/4.5.3 (Java/1.8.0_141)
03-79-2018 15:40:14LoggingManagedHttpClientConnection.java DEBUG[Forwarding findElement on session 4f5ed61f4c47bfcaf8fa797a85bdd9ee to remote]http.headers136-http-outgoing-8 &gt;&gt; Accept-Encoding: gzip,deflate
03-79-2018 15:40:14Wire.java DEBUG[Forwarding findElement on session 4f5ed61f4c47bfcaf8fa797a85bdd9ee to remote]http.wire73-http-outgoing-8 &gt;&gt; &quot;POST /session/4f5ed61f4c47bfcaf8fa797a85bdd9ee/element HTTP/1.1[\r][\n]&quot;
03-79-2018 15:40:14Wire.java DEBUG[Forwarding findElement on session 4f5ed61f4c47bfcaf8fa797a85bdd9ee to remote]http.wire73-http-outgoing-8 &gt;&gt; &quot;Content-Type: application/json; charset=utf-8[\r][\n]&quot;
03-79-2018 15:40:14Wire.java DEBUG[Forwarding findElement on session 4f5ed61f4c47bfcaf8fa797a85bdd9ee to remote]http.wire73-http-outgoing-8 &gt;&gt; &quot;Content-Length: 62[\r][\n]&quot;
03-79-2018 15:40:14Wire.java DEBUG[Forwarding findElement on session 4f5ed61f4c47bfcaf8fa797a85bdd9ee to remote]http.wire73-http-outgoing-8 &gt;&gt; &quot;Host: localhost:19712[\r][\n]&quot;
03-79-2018 15:40:14Wire.java DEBUG[Forwarding findElement on session 4f5ed61f4c47bfcaf8fa797a85bdd9ee to remote]http.wire73-http-outgoing-8 &gt;&gt; &quot;Connection: Keep-Alive[\r][\n]&quot;
03-79-2018 15:40:14Wire.java DEBUG[Forwarding findElement on session 4f5ed61f4c47bfcaf8fa797a85bdd9ee to remote]http.wire73-http-outgoing-8 &gt;&gt; &quot;User-Agent: Apache-HttpClient/4.5.3 (Java/1.8.0_141)[\r][\n]&quot;
03-79-2018 15:40:14Wire.java DEBUG[Forwarding findElement on session 4f5ed61f4c47bfcaf8fa797a85bdd9ee to remote]http.wire73-http-outgoing-8 &gt;&gt; &quot;Accept-Encoding: gzip,deflate[\r][\n]&quot;
03-79-2018 15:40:14Wire.java DEBUG[Forwarding findElement on session 4f5ed61f4c47bfcaf8fa797a85bdd9ee to remote]http.wire73-http-outgoing-8 &gt;&gt; &quot;[\r][\n]&quot;
03-79-2018 15:40:14Wire.java DEBUG[Forwarding findElement on session 4f5ed61f4c47bfcaf8fa797a85bdd9ee to remote]http.wire87-http-outgoing-8 &gt;&gt; &quot;{&quot;using&quot;:&quot;xpath&quot;,&quot;value&quot;:&quot;//*[@value\u003d\u0027Login\u0027]&quot;}&quot;
03-79-2018 15:40:14Wire.java DEBUG[Forwarding findElement on session 4f5ed61f4c47bfcaf8fa797a85bdd9ee to remote]http.wire73-http-outgoing-8 &lt;&lt; &quot;HTTP/1.1 200 OK[\r][\n]&quot;
03-79-2018 15:40:14Wire.java DEBUG[Forwarding findElement on session 4f5ed61f4c47bfcaf8fa797a85bdd9ee to remote]http.wire73-http-outgoing-8 &lt;&lt; &quot;Content-Length:103[\r][\n]&quot;
03-79-2018 15:40:14Wire.java DEBUG[Forwarding findElement on session 4f5ed61f4c47bfcaf8fa797a85bdd9ee to remote]http.wire73-http-outgoing-8 &lt;&lt; &quot;Content-Type:application/json; charset=utf-8[\r][\n]&quot;
03-79-2018 15:40:14Wire.java DEBUG[Forwarding findElement on session 4f5ed61f4c47bfcaf8fa797a85bdd9ee to remote]http.wire73-http-outgoing-8 &lt;&lt; &quot;Connection:close[\r][\n]&quot;
03-79-2018 15:40:14Wire.java DEBUG[Forwarding findElement on session 4f5ed61f4c47bfcaf8fa797a85bdd9ee to remote]http.wire73-http-outgoing-8 &lt;&lt; &quot;[\r][\n]&quot;
03-79-2018 15:40:14Wire.java DEBUG[Forwarding findElement on session 4f5ed61f4c47bfcaf8fa797a85bdd9ee to remote]http.wire87-http-outgoing-8 &lt;&lt; &quot;{&quot;sessionId&quot;:&quot;4f5ed61f4c47bfcaf8fa797a85bdd9ee&quot;,&quot;status&quot;:0,&quot;value&quot;:{&quot;ELEMENT&quot;:&quot;0.37189506446564735-3&quot;}}&quot;
03-79-2018 15:40:14LoggingManagedHttpClientConnection.java DEBUG[Forwarding findElement on session 4f5ed61f4c47bfcaf8fa797a85bdd9ee to remote]http.headers122-http-outgoing-8 &lt;&lt; HTTP/1.1 200 OK
03-79-2018 15:40:14LoggingManagedHttpClientConnection.java DEBUG[Forwarding findElement on session 4f5ed61f4c47bfcaf8fa797a85bdd9ee to remote]http.headers125-http-outgoing-8 &lt;&lt; Content-Length:103
03-79-2018 15:40:14LoggingManagedHttpClientConnection.java DEBUG[Forwarding findElement on session 4f5ed61f4c47bfcaf8fa797a85bdd9ee to remote]http.headers125-http-outgoing-8 &lt;&lt; Content-Type:application/json; charset=utf-8
03-79-2018 15:40:14LoggingManagedHttpClientConnection.java DEBUG[Forwarding findElement on session 4f5ed61f4c47bfcaf8fa797a85bdd9ee to remote]http.headers125-http-outgoing-8 &lt;&lt; Connection:close
03-79-2018 15:40:14LoggingManagedHttpClientConnection.java DEBUG[Forwarding findElement on session 4f5ed61f4c47bfcaf8fa797a85bdd9ee to remote]conn.DefaultManagedHttpClientConnection79-http-outgoing-8: Close connection
03-79-2018 15:40:14ConnectionHolder.java DEBUG[Forwarding findElement on session 4f5ed61f4c47bfcaf8fa797a85bdd9ee to remote]execchain.MainClientExec104-Connection discarded
03-79-2018 15:40:14PoolingHttpClientConnectionManager.java DEBUG[Forwarding findElement on session 4f5ed61f4c47bfcaf8fa797a85bdd9ee to remote]conn.PoolingHttpClientConnectionManager326-Connection released: [id: 8][route: {}-&gt;http://localhost:19712][total kept alive: 0; route allocated: 0 of 2000; total allocated: 0 of 2000]
03-79-2018 15:40:14RequestAddCookies.java DEBUG[Forwarding clickElement on session 4f5ed61f4c47bfcaf8fa797a85bdd9ee to remote]protocol.RequestAddCookies123-CookieSpec selected: default
03-79-2018 15:40:14RequestAuthCache.java DEBUG[Forwarding clickElement on session 4f5ed61f4c47bfcaf8fa797a85bdd9ee to remote]protocol.RequestAuthCache77-Auth cache not set in the context
03-79-2018 15:40:14PoolingHttpClientConnectionManager.java DEBUG[Forwarding clickElement on session 4f5ed61f4c47bfcaf8fa797a85bdd9ee to remote]conn.PoolingHttpClientConnectionManager255-Connection request: [route: {}-&gt;http://localhost:19712][total kept alive: 0; route allocated: 0 of 2000; total allocated: 0 of 2000]
03-79-2018 15:40:14PoolingHttpClientConnectionManager.java DEBUG[Forwarding clickElement on session 4f5ed61f4c47bfcaf8fa797a85bdd9ee to remote]conn.PoolingHttpClientConnectionManager288-Connection leased: [id: 9][route: {}-&gt;http://localhost:19712][total kept alive: 0; route allocated: 1 of 2000; total allocated: 1 of 2000]
03-79-2018 15:40:14MainClientExec.java DEBUG[Forwarding clickElement on session 4f5ed61f4c47bfcaf8fa797a85bdd9ee to remote]execchain.MainClientExec235-Opening connection {}-&gt;http://localhost:19712
03-79-2018 15:40:14DefaultHttpClientConnectionOperator.java DEBUG[Forwarding clickElement on session 4f5ed61f4c47bfcaf8fa797a85bdd9ee to remote]conn.DefaultHttpClientConnectionOperator139-Connecting to localhost/127.0.0.1:19712
03-79-2018 15:40:14DefaultHttpClientConnectionOperator.java DEBUG[Forwarding clickElement on session 4f5ed61f4c47bfcaf8fa797a85bdd9ee to remote]conn.DefaultHttpClientConnectionOperator146-Connection established 127.0.0.1:58060&lt;-&gt;127.0.0.1:19712
03-79-2018 15:40:14LoggingManagedHttpClientConnection.java DEBUG[Forwarding clickElement on session 4f5ed61f4c47bfcaf8fa797a85bdd9ee to remote]conn.DefaultManagedHttpClientConnection88-http-outgoing-9: set socket timeout to 10800000
03-79-2018 15:40:14MainClientExec.java DEBUG[Forwarding clickElement on session 4f5ed61f4c47bfcaf8fa797a85bdd9ee to remote]execchain.MainClientExec256-Executing request POST /session/4f5ed61f4c47bfcaf8fa797a85bdd9ee/element/0.37189506446564735-3/click HTTP/1.1
03-79-2018 15:40:14MainClientExec.java DEBUG[Forwarding clickElement on session 4f5ed61f4c47bfcaf8fa797a85bdd9ee to remote]execchain.MainClientExec261-Target auth state: UNCHALLENGED
03-79-2018 15:40:14MainClientExec.java DEBUG[Forwarding clickElement on session 4f5ed61f4c47bfcaf8fa797a85bdd9ee to remote]execchain.MainClientExec267-Proxy auth state: UNCHALLENGED
03-79-2018 15:40:14LoggingManagedHttpClientConnection.java DEBUG[Forwarding clickElement on session 4f5ed61f4c47bfcaf8fa797a85bdd9ee to remote]http.headers133-http-outgoing-9 &gt;&gt; POST /session/4f5ed61f4c47bfcaf8fa797a85bdd9ee/element/0.37189506446564735-3/click HTTP/1.1
03-79-2018 15:40:14LoggingManagedHttpClientConnection.java DEBUG[Forwarding clickElement on session 4f5ed61f4c47bfcaf8fa797a85bdd9ee to remote]http.headers136-http-outgoing-9 &gt;&gt; Content-Type: application/json; charset=utf-8
03-79-2018 15:40:14LoggingManagedHttpClientConnection.java DEBUG[Forwarding clickElement on session 4f5ed61f4c47bfcaf8fa797a85bdd9ee to remote]http.headers136-http-outgoing-9 &gt;&gt; Content-Length: 30
03-79-2018 15:40:14LoggingManagedHttpClientConnection.java DEBUG[Forwarding clickElement on session 4f5ed61f4c47bfcaf8fa797a85bdd9ee to remote]http.headers136-http-outgoing-9 &gt;&gt; Host: localhost:19712
03-79-2018 15:40:14LoggingManagedHttpClientConnection.java DEBUG[Forwarding clickElement on session 4f5ed61f4c47bfcaf8fa797a85bdd9ee to remote]http.headers136-http-outgoing-9 &gt;&gt; Connection: Keep-Alive
03-79-2018 15:40:14LoggingManagedHttpClientConnection.java DEBUG[Forwarding clickElement on session 4f5ed61f4c47bfcaf8fa797a85bdd9ee to remote]http.headers136-http-outgoing-9 &gt;&gt; User-Agent: Apache-HttpClient/4.5.3 (Java/1.8.0_141)
03-79-2018 15:40:14LoggingManagedHttpClientConnection.java DEBUG[Forwarding clickElement on session 4f5ed61f4c47bfcaf8fa797a85bdd9ee to remote]http.headers136-http-outgoing-9 &gt;&gt; Accept-Encoding: gzip,deflate
03-79-2018 15:40:14Wire.java DEBUG[Forwarding clickElement on session 4f5ed61f4c47bfcaf8fa797a85bdd9ee to remote]http.wire73-http-outgoing-9 &gt;&gt; &quot;POST /session/4f5ed61f4c47bfcaf8fa797a85bdd9ee/element/0.37189506446564735-3/click HTTP/1.1[\r][\n]&quot;
03-79-2018 15:40:14Wire.java DEBUG[Forwarding clickElement on session 4f5ed61f4c47bfcaf8fa797a85bdd9ee to remote]http.wire73-http-outgoing-9 &gt;&gt; &quot;Content-Type: application/json; charset=utf-8[\r][\n]&quot;
03-79-2018 15:40:14Wire.java DEBUG[Forwarding clickElement on session 4f5ed61f4c47bfcaf8fa797a85bdd9ee to remote]http.wire73-http-outgoing-9 &gt;&gt; &quot;Content-Length: 30[\r][\n]&quot;
03-79-2018 15:40:14Wire.java DEBUG[Forwarding clickElement on session 4f5ed61f4c47bfcaf8fa797a85bdd9ee to remote]http.wire73-http-outgoing-9 &gt;&gt; &quot;Host: localhost:19712[\r][\n]&quot;
03-79-2018 15:40:14Wire.java DEBUG[Forwarding clickElement on session 4f5ed61f4c47bfcaf8fa797a85bdd9ee to remote]http.wire73-http-outgoing-9 &gt;&gt; &quot;Connection: Keep-Alive[\r][\n]&quot;
03-79-2018 15:40:14Wire.java DEBUG[Forwarding clickElement on session 4f5ed61f4c47bfcaf8fa797a85bdd9ee to remote]http.wire73-http-outgoing-9 &gt;&gt; &quot;User-Agent: Apache-HttpClient/4.5.3 (Java/1.8.0_141)[\r][\n]&quot;
03-79-2018 15:40:14Wire.java DEBUG[Forwarding clickElement on session 4f5ed61f4c47bfcaf8fa797a85bdd9ee to remote]http.wire73-http-outgoing-9 &gt;&gt; &quot;Accept-Encoding: gzip,deflate[\r][\n]&quot;
03-79-2018 15:40:14Wire.java DEBUG[Forwarding clickElement on session 4f5ed61f4c47bfcaf8fa797a85bdd9ee to remote]http.wire73-http-outgoing-9 &gt;&gt; &quot;[\r][\n]&quot;
03-79-2018 15:40:14Wire.java DEBUG[Forwarding clickElement on session 4f5ed61f4c47bfcaf8fa797a85bdd9ee to remote]http.wire87-http-outgoing-9 &gt;&gt; &quot;{&quot;id&quot;:&quot;0.37189506446564735-3&quot;}&quot;
03-79-2018 15:40:44Wire.java DEBUG[Forwarding clickElement on session 4f5ed61f4c47bfcaf8fa797a85bdd9ee to remote]http.wire73-http-outgoing-9 &lt;&lt; &quot;HTTP/1.1 200 OK[\r][\n]&quot;
03-79-2018 15:40:44Wire.java DEBUG[Forwarding clickElement on session 4f5ed61f4c47bfcaf8fa797a85bdd9ee to remote]http.wire73-http-outgoing-9 &lt;&lt; &quot;Content-Length:254[\r][\n]&quot;
03-79-2018 15:40:44Wire.java DEBUG[Forwarding clickElement on session 4f5ed61f4c47bfcaf8fa797a85bdd9ee to remote]http.wire73-http-outgoing-9 &lt;&lt; &quot;Content-Type:application/json; charset=utf-8[\r][\n]&quot;
03-79-2018 15:40:44Wire.java DEBUG[Forwarding clickElement on session 4f5ed61f4c47bfcaf8fa797a85bdd9ee to remote]http.wire73-http-outgoing-9 &lt;&lt; &quot;Connection:close[\r][\n]&quot;
03-79-2018 15:40:44Wire.java DEBUG[Forwarding clickElement on session 4f5ed61f4c47bfcaf8fa797a85bdd9ee to remote]http.wire73-http-outgoing-9 &lt;&lt; &quot;[\r][\n]&quot;
03-79-2018 15:40:44Wire.java DEBUG[Forwarding clickElement on session 4f5ed61f4c47bfcaf8fa797a85bdd9ee to remote]http.wire87-http-outgoing-9 &lt;&lt; &quot;{&quot;sessionId&quot;:&quot;4f5ed61f4c47bfcaf8fa797a85bdd9ee&quot;,&quot;status&quot;:21,&quot;value&quot;:{&quot;message&quot;:&quot;timeout\n  (Session info: chrome=64.0.3282.186)\n  (Driver info: chromedriver=2.33.506120 (e3e53437346286c0bc2d2dc9aa4915ba81d9023f),platform=Windows NT 10.0.16299 x86_64)&quot;}}&quot;
03-79-2018 15:40:44LoggingManagedHttpClientConnection.java DEBUG[Forwarding clickElement on session 4f5ed61f4c47bfcaf8fa797a85bdd9ee to remote]http.headers122-http-outgoing-9 &lt;&lt; HTTP/1.1 200 OK
03-79-2018 15:40:44LoggingManagedHttpClientConnection.java DEBUG[Forwarding clickElement on session 4f5ed61f4c47bfcaf8fa797a85bdd9ee to remote]http.headers125-http-outgoing-9 &lt;&lt; Content-Length:254
03-79-2018 15:40:44LoggingManagedHttpClientConnection.java DEBUG[Forwarding clickElement on session 4f5ed61f4c47bfcaf8fa797a85bdd9ee to remote]http.headers125-http-outgoing-9 &lt;&lt; Content-Type:application/json; charset=utf-8
03-79-2018 15:40:44LoggingManagedHttpClientConnection.java DEBUG[Forwarding clickElement on session 4f5ed61f4c47bfcaf8fa797a85bdd9ee to remote]http.headers125-http-outgoing-9 &lt;&lt; Connection:close
03-79-2018 15:40:44LoggingManagedHttpClientConnection.java DEBUG[Forwarding clickElement on session 4f5ed61f4c47bfcaf8fa797a85bdd9ee to remote]conn.DefaultManagedHttpClientConnection79-http-outgoing-9: Close connection
03-79-2018 15:40:44ConnectionHolder.java DEBUG[Forwarding clickElement on session 4f5ed61f4c47bfcaf8fa797a85bdd9ee to remote]execchain.MainClientExec104-Connection discarded
03-79-2018 15:40:44PoolingHttpClientConnectionManager.java DEBUG[Forwarding clickElement on session 4f5ed61f4c47bfcaf8fa797a85bdd9ee to remote]conn.PoolingHttpClientConnectionManager326-Connection released: [id: 9][route: {}-&gt;http://localhost:19712][total kept alive: 0; route allocated: 0 of 2000; total allocated: 0 of 2000]
</system-out>
    <system-err>Starting ChromeDriver 2.33.506120 (e3e53437346286c0bc2d2dc9aa4915ba81d9023f) on port 19712
Only local connections are allowed.
Mar 20, 2018 3:39:56 PM org.openqa.selenium.remote.ProtocolHandshake createSession
INFO: Detected dialect: OSS
[52.320][SEVERE]: Timed out receiving message from renderer: 30.000
[52.338][SEVERE]: Timed out receiving message from renderer: -0.018
</system-err>
  </testcase>
</testsuite>